# Distance | g(r) | Coordination Number | KB integral
        0.04500         0.00000         0.00000        -0.00090
        0.07500         0.00000         0.00000        -0.00305
        0.10500         0.00000         0.00000        -0.00724
        0.13500         0.00000         0.00000        -0.01414
        0.16500         0.00000         0.00000        -0.02443
        0.19500         0.00000         0.00000        -0.03879
        0.22500         0.00000         0.00000        -0.05791
        0.25500         0.00000         0.00000        -0.08245
        0.28500         0.00000         0.00000        -0.11310
        0.31500         0.00000         0.00000        -0.15053
        0.34500         0.00000         0.00000        -0.19543
        0.37500         0.00000         0.00000        -0.24847
        0.40500         0.00000         0.00000        -0.31034
        0.43500         0.00000         0.00000        -0.38170
        0.46500         0.00000         0.00000        -0.46325
        0.49500         0.00000         0.00000        -0.55565
        0.52500         0.00000         0.00000        -0.65958
        0.55500         0.00000         0.00000        -0.77573
        0.58500         0.00000         0.00000        -0.90478
        0.61500         0.00000         0.00000        -1.04739
        0.64500         0.00000         0.00000        -1.20426
        0.67500         0.00000         0.00000        -1.37606
        0.70500         0.00000         0.00000        -1.56346
        0.73500         0.00000         0.00000        -1.76715
        0.76500         0.00000         0.00000        -1.98780
        0.79500         0.00000         0.00000        -2.22609
        0.82500         0.00000         0.00000        -2.48271
        0.85500         0.00000         0.00000        -2.75833
        0.88500         0.00000         0.00000        -3.05363
        0.91500         0.00000         0.00000        -3.36928
        0.94500         0.00000         0.00000        -3.70597
        0.97500         0.00000         0.00000        -4.06438
        1.00500         0.00000         0.00000        -4.44518
        1.03500         0.00002         0.00000        -4.84904
        1.06500         0.00035         0.00002        -5.27651
        1.09500         0.00265         0.00020        -5.72736
        1.12500         0.01316         0.00115        -6.19824
        1.15500         0.04381         0.00446        -6.67915
        1.18500         0.12401         0.01431        -7.14291
        1.21500         0.28257         0.03793        -7.54219
        1.24500         0.53446         0.08483        -7.81424
        1.27500         0.88287         0.16608        -7.88603
        1.30500         1.27168         0.28869        -7.71159
        1.33500         1.66619         0.45681        -7.26397
        1.36500         1.97706         0.66536        -6.57764
        1.39500         2.17751         0.90526        -5.71374
        1.42500         2.24138         1.16293        -4.76340
        1.45500         2.19525         1.42603        -3.80944
        1.48500         2.05169         1.68217        -2.93508
        1.51500         1.84961         1.92251        -2.19991
        1.54500         1.62090         2.14155        -1.64115
        1.57500         1.38373         2.33588        -1.28228
        1.60500         1.16853         2.50629        -1.11861
        1.63500         0.97361         2.65364        -1.14521
        1.66500         0.80766         2.78040        -1.34623
        1.69500         0.67153         2.88962        -1.70201
        1.72500         0.55981         2.98392        -2.19582
        1.75500         0.47860         3.06738        -2.80125
        1.78500         0.41185         3.14167        -3.50774
        1.81500         0.36572         3.20987        -4.29546
        1.84500         0.33230         3.27391        -5.15234
        1.87500         0.31190         3.33599        -6.06434
        1.90500         0.30318         3.39827        -7.01768
        1.93500         0.30542         3.46301        -7.99813
        1.96500         0.31953         3.53286        -8.98866
        1.99500         0.34197         3.60991        -9.97602
        2.02500         0.37502         3.69697       -10.94220
        2.05500         0.41909         3.79717       -11.86705
        2.08500         0.47262         3.91348       -12.73136
        2.11500         0.53737         4.04956       -13.51154
        2.14500         0.61027         4.20852       -14.18756
        2.17500         0.69669         4.39510       -14.72850
        2.20500         0.78313         4.61066       -15.12601
        2.23500         0.87617         4.85843       -15.35921
        2.26500         0.96905         5.13988       -15.41906
        2.29500         1.06427         5.45722       -15.29144
        2.32500         1.15093         5.80943       -14.98387
        2.35500         1.22853         6.19515       -14.50605
        2.38500         1.29447         6.61200       -13.87459
        2.41500         1.35013         7.05778       -13.10476
        2.44500         1.39312         7.52925       -12.21878
        2.47500         1.41890         8.02130       -11.25139
        2.50500         1.42948         8.52911       -10.23539
        2.53500         1.42800         9.04862        -9.19848
        2.56500         1.41353         9.57511        -8.17279
        2.59500         1.38770        10.10413        -7.18854
        2.62500         1.35655        10.63331        -6.26232
        2.65500         1.31694        11.15885        -5.42006
        2.68500         1.27153        11.67780        -4.68209
        2.71500         1.22834        12.19038        -4.04754
        2.74500         1.18444        12.69563        -3.52361
        2.77500         1.14437        13.19451        -3.10450
        2.80500         1.10806        13.68807        -2.78396
        2.83500         1.07179        14.17574        -2.56643
        2.86500         1.04311        14.66046        -2.43302
        2.89500         1.01818        15.14355        -2.37557
        2.92500         0.99376        15.62487        -2.39569
        2.95500         0.97508        16.10689        -2.47773
        2.98500         0.95909        16.59068        -2.61514
        3.01500         0.94680        17.07792        -2.79745
        3.04500         0.93652        17.56950        -3.01934
        3.07500         0.92762        18.06606        -3.27735
        3.10500         0.92438        18.57058        -3.55220
        3.13500         0.92149        19.08329        -3.84311
        3.16500         0.91914        19.60452        -4.14847
        3.19500         0.91985        20.13610        -4.45693
        3.22500         0.92067        20.67818        -4.76800
        3.25500         0.92542        21.23325        -5.06587
        3.28500         0.92923        21.80093        -5.35378
        3.31500         0.93734        22.38407        -5.61336
        3.34500         0.94623        22.98344        -5.84015
        3.37500         0.95474        23.59909        -6.03452
        3.40500         0.96488        24.23240        -6.18803
        3.43500         0.97804        24.88570        -6.28572
        3.46500         0.99000        25.55860        -6.33097
        3.49500         1.00237        26.25175        -6.32004
        3.52500         1.01579        26.96630        -6.24605
        3.55500         1.02637        27.70063        -6.12040
        3.58500         1.03683        28.45501        -5.94197
        3.61500         1.04317        29.22676        -5.72927
        3.64500         1.05074        30.01706        -5.47514
        3.67500         1.05444        30.82326        -5.19796
        3.70500         1.05435        31.64261        -4.91668
        3.73500         1.05328        32.47443        -4.63647
        3.76500         1.04878        33.31606        -4.37580
        3.79500         1.04158        34.16528        -4.15006
        3.82500         1.03324        35.02108        -3.96669
        3.85500         1.02369        35.88232        -3.83395
        3.88500         1.01167        36.74674        -3.76755
        3.91500         1.00196        37.61613        -3.75624
        3.94500         0.99161        38.48979        -3.80545
        3.97500         0.98273        39.36884        -3.90832
        4.00500         0.97159        40.25110        -4.08012
        4.03500         0.96406        41.13968        -4.30069
        4.06500         0.95731        42.03520        -4.56664
        4.09500         0.95240        42.93934        -4.86754
        4.12500         0.94790        43.85243        -5.20178
        4.15500         0.94601        44.77700        -5.55316
        4.18500         0.94569        45.71466        -5.91176
        4.21500         0.94599        46.66611        -6.27350
        4.24500         0.94767        47.63287        -6.62899
        4.27500         0.94949        48.61522        -6.97701
        4.30500         0.95366        49.61578        -7.30079
        4.33500         0.95784        50.63479        -7.59948
        4.36500         0.96205        51.67248        -7.87210
        4.39500         0.96748        52.73043        -8.10888
        4.42500         0.97295        53.80894        -8.30854
        4.45500         0.97887        54.90876        -8.46667
        4.48500         0.98490        56.03032        -8.58120
        4.51500         0.99153        57.17459        -8.64626
        4.54500         0.99597        58.33929        -8.67768
        4.57500         1.00121        59.52564        -8.66811
        4.60500         1.00618        60.73356        -8.61874
        4.63500         1.01089        61.96300        -8.53055
        4.66500         1.01493        63.21339        -8.40805
        4.69500         1.01928        64.48533        -8.24787
        4.72500         1.02238        65.77750        -8.05955
        4.75500         1.02418        67.08843        -7.85346
        4.78500         1.02637        68.41880        -7.62587
        4.81500         1.02418        69.76303        -7.41454
        4.84500         1.02732        71.12824        -7.17273
        4.87500         1.02713        72.51014        -6.92969
        4.90500         1.02574        73.90721        -6.69625
        4.93500         1.02570        75.32137        -6.46031
        4.96500         1.02137        76.74673        -6.26170
        4.99500         1.02100        78.18885        -6.06418
        5.02500         1.01675        79.64228        -5.90468
        5.05500         1.01435        81.10963        -5.76642
        5.08500         1.01211        82.59117        -5.64841
        5.11500         1.00846        84.08483        -5.56499
        5.14500         1.00619        85.59268        -5.50317
        5.17500         1.00313        87.11352        -5.47155
        5.20500         1.00074        88.64838        -5.46397
        5.23500         0.99895        90.19820        -5.47479
        5.26500         0.99568        91.76070        -5.51995
        5.29500         0.99525        93.34038        -5.57014
        5.32500         0.99345        94.93512        -5.64014
        5.35500         0.99327        96.54758        -5.71291
        5.38500         0.99242        98.17677        -5.79579
        5.41500         0.99301        99.82515        -5.87300
        5.44500         0.99237       101.49076        -5.95827
        5.47500         0.99293       103.17572        -6.03822
        5.50500         0.99356       104.88028        -6.11181
        5.53500         0.99379       106.60387        -6.18350
        5.56500         0.99484       108.34803        -6.24378
        5.59500         0.99685       110.11462        -6.28090
        5.62500         0.99740       111.90119        -6.31190
        5.65500         0.99802       113.70798        -6.33576
        5.68500         1.00019       115.53796        -6.33347
        5.71500         1.00111       117.38901        -6.31983
        5.74500         1.00317       119.26339        -6.28040
        5.77500         1.00247       121.15607        -6.24941
        5.80500         1.00321       123.06989        -6.20864
        5.83500         1.00285       125.00284        -6.17210
        5.86500         1.00421       126.95837        -6.11748
        5.89500         1.00512       128.93574        -6.05043
        5.92500         1.00571       130.93447        -5.97484
        5.95500         1.00536       132.95280        -5.90312
        5.98500         1.00514       134.99106        -5.83368
