# Distance | g(r) | Coordination Number | KB integral
        0.04500         0.00000         0.00000        -0.00090
        0.07500         0.00000         0.00000        -0.00305
        0.10500         0.00000         0.00000        -0.00724
        0.13500         0.00000         0.00000        -0.01414
        0.16500         0.00000         0.00000        -0.02443
        0.19500         0.00000         0.00000        -0.03879
        0.22500         0.00000         0.00000        -0.05791
        0.25500         0.00000         0.00000        -0.08245
        0.28500         0.00000         0.00000        -0.11310
        0.31500         0.00000         0.00000        -0.15053
        0.34500         0.00000         0.00000        -0.19543
        0.37500         0.00000         0.00000        -0.24847
        0.40500         0.00000         0.00000        -0.31034
        0.43500         0.00000         0.00000        -0.38170
        0.46500         0.00000         0.00000        -0.46325
        0.49500         0.00000         0.00000        -0.55565
        0.52500         0.00000         0.00000        -0.65958
        0.55500         0.00000         0.00000        -0.77573
        0.58500         0.00000         0.00000        -0.90478
        0.61500         0.00000         0.00000        -1.04739
        0.64500         0.00000         0.00000        -1.20426
        0.67500         0.00000         0.00000        -1.37606
        0.70500         0.00000         0.00000        -1.56346
        0.73500         0.00000         0.00000        -1.76715
        0.76500         0.00000         0.00000        -1.98780
        0.79500         0.00000         0.00000        -2.22609
        0.82500         0.00000         0.00000        -2.48271
        0.85500         0.00000         0.00000        -2.75833
        0.88500         0.00000         0.00000        -3.05363
        0.91500         0.00000         0.00000        -3.36928
        0.94500         0.00000         0.00000        -3.70597
        0.97500         0.00000         0.00000        -4.06438
        1.00500         0.00000         0.00000        -4.44518
        1.03500         0.00007         0.00000        -4.84902
        1.06500         0.00043         0.00003        -5.27645
        1.09500         0.00291         0.00022        -5.72719
        1.12500         0.01299         0.00112        -6.19815
        1.15500         0.04500         0.00441        -6.67846
        1.18500         0.12125         0.01373        -7.14368
        1.21500         0.26928         0.03549        -7.55036
        1.24500         0.50993         0.07877        -7.83674
        1.27500         0.83217         0.15283        -7.93960
        1.30500         1.20169         0.26488        -7.81011
        1.33500         1.56197         0.41728        -7.43251
        1.36500         1.86318         0.60734        -6.82617
        1.39500         2.07148         0.82804        -6.04007
        1.42500         2.16210         1.06841        -5.15042
        1.45500         2.14165         1.31663        -4.23924
        1.48500         2.02888         1.56158        -3.38385
        1.51500         1.85270         1.79439        -2.64600
        1.54500         1.64943         2.00995        -2.06157
        1.57500         1.42983         2.20413        -1.65959
        1.60500         1.21681         2.37574        -1.44904
        1.63500         1.02866         2.52629        -1.42015
        1.66500         0.86312         2.65728        -1.56321
        1.69500         0.72199         2.77085        -1.86433
        1.72500         0.60687         2.86971        -2.30535
        1.75500         0.51705         2.95690        -2.86613
        1.78500         0.44520         3.03456        -3.53256
        1.81500         0.38747         3.10444        -4.29328
        1.84500         0.34851         3.16939        -5.12934
        1.87500         0.32130         3.23123        -6.02887
        1.90500         0.30474         3.29178        -6.98008
        1.93500         0.30026         3.35332        -7.96782
        1.96500         0.30456         3.41771        -8.98016
        1.99500         0.31959         3.48734       -10.00108
        2.02500         0.34495         3.56478       -11.01373
        2.05500         0.38275         3.65328       -11.99644
        2.08500         0.42835         3.75522       -12.93332
        2.11500         0.48603         3.87425       -13.80008
        2.14500         0.55599         4.01430       -14.57024
        2.17500         0.63116         4.17776       -15.22805
        2.20500         0.71729         4.36869       -15.74625
        2.23500         0.80877         4.58987       -16.10637
        2.26500         0.90347         4.84362       -16.29306
        2.29500         0.99544         5.13066       -16.30210
        2.32500         1.08896         5.45293       -16.12081
        2.35500         1.17718         5.81035       -15.75035
        2.38500         1.25324         6.20063       -15.20728
        2.41500         1.31828         6.62155       -14.50748
        2.44500         1.36802         7.06927       -13.67808
        2.47500         1.40537         7.54058       -12.74195
        2.50500         1.42306         8.02945       -11.74113
        2.53500         1.43668         8.53490       -10.68320
        2.56500         1.43243         9.05085        -9.61063
        2.59500         1.41271         9.57167        -8.56288
        2.62500         1.38645        10.09469        -7.55898
        2.65500         1.35271        10.61672        -6.62167
        2.68500         1.31566        11.13598        -5.76375
        2.71500         1.27156        11.64912        -5.00913
        2.74500         1.23127        12.15704        -4.35217
        2.77500         1.19038        12.65889        -3.79948
        2.80500         1.15270        13.15541        -3.34655
        2.83500         1.11845        13.64754        -2.98764
        2.86500         1.08475        14.13500        -2.72540
        2.89500         1.05575        14.61941        -2.54924
        2.92500         1.02881        15.10130        -2.45632
        2.95500         1.00902        15.58366        -2.42663
        2.98500         0.98994        16.06656        -2.46041
        3.01500         0.97372        16.55114        -2.55046
        3.04500         0.96141        17.03916        -2.68536
        3.07500         0.95071        17.53131        -2.86105
        3.10500         0.94190        18.02846        -3.07224
        3.13500         0.93462        18.53134        -3.31447
        3.16500         0.93007        19.04140        -3.57856
        3.19500         0.92799        19.56001        -3.85569
        3.22500         0.92566        20.08708        -4.14717
        3.25500         0.92657        20.62453        -4.44047
        3.28500         0.92930        21.17354        -4.72811
        3.31500         0.93302        21.73487        -5.00559
        3.34500         0.93839        22.30969        -5.26548
        3.37500         0.94445        22.89864        -5.50402
        3.40500         0.95379        23.50405        -5.70599
        3.43500         0.96435        24.12699        -5.86456
        3.46500         0.97629        24.76870        -5.97188
        3.49500         0.98811        25.42948        -6.02662
        3.52500         0.99868        26.10884        -6.03280
        3.55500         1.01099        26.80834        -5.98043
        3.58500         1.02017        27.52614        -5.88269
        3.61500         1.03064        28.26350        -5.73174
        3.64500         1.03825        29.01869        -5.54014
        3.67500         1.04306        29.78991        -5.32090
        3.70500         1.04491        30.57517        -5.08851
        3.73500         1.04678        31.37462        -4.84250
        3.76500         1.04461        32.18528        -4.60411
        3.79500         1.03940        33.00481        -4.39020
        3.82500         1.03303        33.83224        -4.20799
        3.85500         1.02523        34.66635        -4.06666
        3.88500         1.01688        35.50660        -3.97064
        3.91500         1.00579        36.35057        -3.93719
        3.94500         0.99595        37.19913        -3.96096
        3.97500         0.98635        38.05236        -4.04225
        4.00500         0.97717        38.91044        -4.18033
        4.03500         0.96831        39.77354        -4.37483
        4.06500         0.96083        40.64274        -4.61885
        4.09500         0.95600        41.52039        -4.89699
        4.12500         0.94858        42.40404        -5.22684
        4.15500         0.94653        43.29865        -5.57482
        4.18500         0.94451        44.20429        -5.94119
        4.21500         0.94378        45.12224        -6.31775
        4.24500         0.94447        46.05399        -6.69501
        4.27500         0.94634        47.00083        -7.06469
        4.30500         0.94876        47.96345        -7.42270
        4.33500         0.95121        48.94207        -7.76833
        4.36500         0.95618        49.93946        -8.08306
        4.39500         0.96054        50.95521        -8.37040
        4.42500         0.96518        51.98985        -8.62746
        4.45500         0.97003        53.04384        -8.85170
        4.48500         0.97545        54.11805        -9.03784
        4.51500         0.98253        55.21456        -9.17212
        4.54500         0.98649        56.33019        -9.27731
        4.57500         0.99223        57.46716        -9.33859
        4.60500         0.99822        58.62605        -9.35281
        4.63500         1.00437        59.80732        -9.31738
        4.66500         1.00880        61.00922        -9.24515
        4.69500         1.01268        62.23129        -9.13980
        4.72500         1.01782        63.47532        -8.98980
        4.75500         1.02094        64.73906        -8.81128
        4.78500         1.02429        66.02300        -8.60161
        4.81500         1.02702        67.32654        -8.36548
        4.84500         1.02861        68.64843        -8.11227
        4.87500         1.02995        69.98848        -7.84390
        4.90500         1.02953        71.34452        -7.57604
        4.93500         1.03129        72.71955        -7.28874
        4.96500         1.02822        74.10720        -7.02644
        4.99500         1.02640        75.50918        -6.77815
        5.02500         1.02434        76.92520        -6.54648
        5.05500         1.02341        78.35689        -6.32097
        5.08500         1.02070        79.80177        -6.11924
        5.11500         1.01607        81.25713        -5.96072
        5.14500         1.01403        82.72666        -5.82067
        5.17500         1.01116        84.20916        -5.70804
        5.20500         1.00797        85.70416        -5.62668
        5.23500         1.00525        87.21237        -5.57246
        5.26500         1.00350        88.73527        -5.53585
        5.29500         0.99984        90.26994        -5.53756
        5.32500         0.99911        91.82093        -5.54708
        5.35500         0.99635        93.38510        -5.58655
        5.38500         0.99698        94.96785        -5.61960
        5.41500         0.99507        96.56522        -5.67407
        5.44500         0.99465        98.17966        -5.73386
        5.47500         0.99302        99.80927        -5.81269
        5.50500         0.99253       101.45596        -5.89803
        5.53500         0.99333       103.12199        -5.97510
        5.56500         0.99307       104.80570        -6.05599
        5.59500         0.99447       106.51000        -6.12122
        5.62500         0.99477       108.23315        -6.18362
        5.65500         0.99506       109.97524        -6.24318
        5.68500         0.99596       111.73744        -6.29244
        5.71500         0.99685       113.51989        -6.33124
        5.74500         0.99946       115.32582        -6.33790
        5.77500         0.99890       117.14963        -6.35178
        5.80500         0.99978       118.99407        -6.35457
        5.83500         1.00019       120.85838        -6.35218
        5.86500         1.00232       122.74592        -6.32211
        5.89500         1.00187       124.65197        -6.29756
        5.92500         1.00164       126.57702        -6.27591
        5.95500         1.00323       128.52471        -6.23272
        5.98500         1.00407       130.49372        -6.17773
