# Distance | g(r) | Coordination Number | KB integral
        0.04500         0.00000         0.00000        -0.00090
        0.07500         0.00000         0.00000        -0.00305
        0.10500         0.00000         0.00000        -0.00724
        0.13500         0.00000         0.00000        -0.01414
        0.16500         0.00000         0.00000        -0.02443
        0.19500         0.00000         0.00000        -0.03879
        0.22500         0.00000         0.00000        -0.05791
        0.25500         0.00000         0.00000        -0.08245
        0.28500         0.00000         0.00000        -0.11310
        0.31500         0.00000         0.00000        -0.15053
        0.34500         0.00000         0.00000        -0.19543
        0.37500         0.00000         0.00000        -0.24847
        0.40500         0.00000         0.00000        -0.31034
        0.43500         0.00000         0.00000        -0.38170
        0.46500         0.00000         0.00000        -0.46325
        0.49500         0.00000         0.00000        -0.55565
        0.52500         0.00000         0.00000        -0.65958
        0.55500         0.00000         0.00000        -0.77573
        0.58500         0.00000         0.00000        -0.90478
        0.61500         0.00000         0.00000        -1.04739
        0.64500         0.00000         0.00000        -1.20426
        0.67500         0.00000         0.00000        -1.37606
        0.70500         0.00000         0.00000        -1.56346
        0.73500         0.00000         0.00000        -1.76715
        0.76500         0.00000         0.00000        -1.98780
        0.79500         0.00000         0.00000        -2.22609
        0.82500         0.00000         0.00000        -2.48271
        0.85500         0.00000         0.00000        -2.75833
        0.88500         0.00000         0.00000        -3.05363
        0.91500         0.00000         0.00000        -3.36928
        0.94500         0.00000         0.00000        -3.70597
        0.97500         0.00000         0.00000        -4.06438
        1.00500         0.00010         0.00000        -4.44514
        1.03500         0.00127         0.00004        -4.84850
        1.06500         0.00920         0.00035        -5.27218
        1.09500         0.04183         0.00182        -5.70533
        1.12500         0.14529         0.00723        -6.11316
        1.15500         0.38273         0.02223        -6.42361
        1.18500         0.78803         0.05474        -6.53583
        1.21500         1.36268         0.11385        -6.33398
        1.24500         2.02425         0.20605        -5.73543
        1.27500         2.62753         0.33156        -4.73796
        1.30500         3.10063         0.48671        -3.38924
        1.33500         3.38721         0.66410        -1.78525
        1.36500         3.46204         0.85363        -0.05579
        1.39500         3.36107         1.04582         1.67643
        1.42500         3.12777         1.23245         3.30535
        1.45500         2.81624         1.40763         4.75494
        1.48500         2.45900         1.56696         5.96793
        1.51500         2.10755         1.70910         6.92630
        1.54500         1.77632         1.83369         7.62492
        1.57500         1.46998         1.94083         8.06445
        1.60500         1.21630         2.03290         8.27451
        1.63500         1.01084         2.11229         8.28544
        1.66500         0.83314         2.18016         8.11105
        1.69500         0.69532         2.23886         7.78104
        1.72500         0.58569         2.29006         7.31626
        1.75500         0.49826         2.33516         6.73366
        1.78500         0.43648         2.37602         6.05675
        1.81500         0.38579         2.41336         5.29394
        1.84500         0.34467         2.44784         4.45295
        1.87500         0.31814         2.48070         3.54922
        1.90500         0.30411         2.51313         2.59714
        1.93500         0.29585         2.54568         1.60319
        1.96500         0.29314         2.57893         0.57424
        1.99500         0.30120         2.61416        -0.47429
        2.02500         0.31579         2.65221        -1.53203
        2.05500         0.33482         2.69375        -2.59104
        2.08500         0.36557         2.74045        -3.63080
        2.11500         0.40367         2.79350        -4.63645
        2.14500         0.44744         2.85399        -5.59491
        2.17500         0.49915         2.92337        -6.48814
        2.20500         0.55837         3.00314        -7.29763
        2.23500         0.62252         3.09451        -8.00850
        2.26500         0.69204         3.19883        -8.60411
        2.29500         0.76964         3.31794        -9.06152
        2.32500         0.84801         3.45263        -9.37127
        2.35500         0.92943         3.60409        -9.51881
        2.38500         1.00546         3.77213        -9.50711
        2.41500         1.08550         3.95815        -9.31912
        2.44500         1.15042         4.16022        -8.98012
        2.47500         1.21118         4.37822        -8.49243
        2.50500         1.25367         4.60936        -7.89232
        2.53500         1.28231         4.85149        -7.20838
        2.56500         1.29472         5.10178        -6.47736
        2.59500         1.28977         5.35697        -5.74173
        2.62500         1.26185         5.61245        -5.06152
        2.65500         1.22793         5.86678        -4.45581
        2.68500         1.18309         6.11739        -3.95820
        2.71500         1.13923         6.36413        -3.57129
        2.74500         1.08610         6.60459        -3.32671
        2.77500         1.03878         6.83963        -3.21412
        2.80500         0.99715         7.07015        -3.22258
        2.83500         0.95686         7.29611        -3.35330
        2.86500         0.92229         7.51855        -3.59376
        2.89500         0.89577         7.73914        -3.92309
        2.92500         0.87711         7.95963        -4.31945
        2.95500         0.86245         8.18091        -4.77226
        2.98500         0.85279         8.40417        -5.26676
        3.01500         0.84641         8.63024        -5.79312
        3.04500         0.84167         8.85954        -6.34656
        3.07500         0.84328         9.09383        -6.90521
        3.10500         0.84695         9.33375        -7.46147
        3.13500         0.85283         9.58003        -8.00676
        3.16500         0.85986         9.83311        -8.53598
        3.19500         0.87105        10.09437        -9.03221
        3.22500         0.88193        10.36389        -9.49514
        3.25500         0.89469        10.64241        -9.91579
        3.28500         0.90854        10.93048       -10.28786
        3.31500         0.92184        11.22814       -10.61166
        3.34500         0.93869        11.53674       -10.87029
        3.37500         0.95558        11.85656       -11.06102
        3.40500         0.97328        12.18811       -11.17783
        3.43500         0.98646        12.53011       -11.23807
        3.46500         1.00456        12.88449       -11.21744
        3.49500         1.01973        13.25047       -11.12660
        3.52500         1.03630        13.62882       -10.95655
        3.55500         1.05101        14.01910       -10.71353
        3.58500         1.06372        14.42079       -10.40477
        3.61500         1.07509        14.83360       -10.03482
        3.64500         1.08462        15.25701        -9.61099
        3.67500         1.09355        15.69096        -9.13466
        3.70500         1.09729        16.13353        -8.63119
        3.73500         1.09978        16.58432        -8.10643
        3.76500         1.09947        17.04225        -7.57487
        3.79500         1.09758        17.50671        -7.04508
        3.82500         1.09160        17.97596        -6.53987
        3.85500         1.08563        18.45001        -6.06013
        3.88500         1.07596        18.92717        -5.62790
        3.91500         1.06465        19.40663        -5.25431
        3.94500         1.05100        19.88723        -4.95506
        3.97500         1.04388        20.37186        -4.69369
        4.00500         1.03214        20.85830        -4.49935
        4.03500         1.02265        21.34752        -4.36035
        4.06500         1.01326        21.83948        -4.27775
        4.09500         1.00470        22.33451        -4.24802
        4.12500         0.99618        22.83255        -4.27254
        4.15500         0.99287        23.33619        -4.31894
        4.18500         0.98727        23.84425        -4.40299
        4.21500         0.98407        24.35795        -4.50968
        4.24500         0.98214        24.87796        -4.63104
        4.27500         0.98143        25.40497        -4.75899
        4.30500         0.98181        25.93961        -4.88608
        4.33500         0.98043        26.48096        -5.02471
        4.36500         0.98234        27.03090        -5.15159
        4.39500         0.98419        27.58948        -5.26671
        4.42500         0.98752        28.15762        -5.35879
        4.45500         0.99072        28.73536        -5.42824
        4.48500         0.99564        29.32381        -5.46133
        4.51500         0.99717        29.92108        -5.48308
        4.54500         1.00109        30.52870        -5.47455
        4.57500         1.00436        31.14637        -5.44016
        4.60500         1.00924        31.77520        -5.36632
        4.63500         1.01267        32.41443        -5.26367
        4.66500         1.01456        33.06316        -5.14425
        4.69500         1.01760        33.72223        -4.99802
        4.72500         1.02071        34.39180        -4.82368
        4.75500         1.02227        35.07093        -4.63385
        4.78500         1.02544        35.76079        -4.41425
        4.81500         1.02774        36.46089        -4.17180
        4.84500         1.02890        37.17054        -3.91607
        4.87500         1.02979        37.88963        -3.64916
        4.90500         1.02849        38.61668        -3.39073
        4.93500         1.02688        39.35150        -3.14396
        4.96500         1.02624        40.09481        -2.90011
        4.99500         1.02584        40.84685        -2.65702
        5.02500         1.02271        41.60561        -2.44086
        5.05500         1.02030        42.37166        -2.24535
        5.08500         1.01697        43.14430        -2.07988
        5.11500         1.01321        43.92319        -1.94958
        5.14500         1.01193        44.71025        -1.83051
        5.17500         1.00656        45.50228        -1.76432
        5.20500         1.00384        46.30137        -1.72506
        5.23500         1.00141        47.10773        -1.71052
        5.26500         0.99901        47.92141        -1.72086
        5.29500         0.99647        48.74229        -1.75820
        5.32500         0.99357        49.57008        -1.82698
        5.35500         0.99237        50.40622        -1.90943
        5.38500         0.98940        51.24922        -2.02527
        5.41500         0.98950        52.10173        -2.14130
        5.44500         0.98754        52.96201        -2.28054
        5.47500         0.98808        53.83226        -2.41520
        5.50500         0.98800        54.71201        -2.55232
        5.53500         0.98827        55.60161        -2.68778
        5.56500         0.98886        56.50142        -2.81780
        5.59500         0.99083        57.41277        -2.92602
        5.62500         0.98886        58.33208        -3.05896
        5.65500         0.99148        59.26369        -3.16167
        5.68500         0.99280        60.20646        -3.24944
        5.71500         0.99362        61.16000        -3.32804
        5.74500         0.99523        62.12514        -3.38738
        5.77500         0.99606        63.10119        -3.43689
        5.80500         0.99772        64.08906        -3.46585
        5.83500         0.99855        65.08800        -3.48443
        5.86500         0.99864        66.09732        -3.50211
        5.89500         0.99906        67.11742        -3.51447
        5.92500         1.00048        68.14939        -3.50819
        5.95500         1.00104        69.19243        -3.49423
        5.98500         1.00205        70.24707        -3.46650
