# Distance | g(r) | Coordination Number | KB integral
        0.04500         0.00000         0.00000        -0.00090
        0.07500         0.00000         0.00000        -0.00305
        0.10500         0.00000         0.00000        -0.00724
        0.13500         0.00000         0.00000        -0.01414
        0.16500         0.00000         0.00000        -0.02443
        0.19500         0.00000         0.00000        -0.03879
        0.22500         0.00000         0.00000        -0.05791
        0.25500         0.00000         0.00000        -0.08245
        0.28500         0.00000         0.00000        -0.11310
        0.31500         0.00000         0.00000        -0.15053
        0.34500         0.00000         0.00000        -0.19543
        0.37500         0.00000         0.00000        -0.24847
        0.40500         0.00000         0.00000        -0.31034
        0.43500         0.00000         0.00000        -0.38170
        0.46500         0.00000         0.00000        -0.46325
        0.49500         0.00000         0.00000        -0.55565
        0.52500         0.00000         0.00000        -0.65958
        0.55500         0.00000         0.00000        -0.77573
        0.58500         0.00000         0.00000        -0.90478
        0.61500         0.00000         0.00000        -1.04739
        0.64500         0.00000         0.00000        -1.20426
        0.67500         0.00000         0.00000        -1.37606
        0.70500         0.00000         0.00000        -1.56346
        0.73500         0.00000         0.00000        -1.76715
        0.76500         0.00000         0.00000        -1.98780
        0.79500         0.00000         0.00000        -2.22609
        0.82500         0.00000         0.00000        -2.48271
        0.85500         0.00000         0.00000        -2.75833
        0.88500         0.00000         0.00000        -3.05363
        0.91500         0.00000         0.00000        -3.36928
        0.94500         0.00000         0.00000        -3.70597
        0.97500         0.00000         0.00000        -4.06438
        1.00500         0.00003         0.00000        -4.44517
        1.03500         0.00054         0.00002        -4.84882
        1.06500         0.00355         0.00017        -5.27492
        1.09500         0.01708         0.00095        -5.71925
        1.12500         0.06581         0.00409        -6.16500
        1.15500         0.17977         0.01314        -6.57754
        1.18500         0.40072         0.03437        -6.89480
        1.21500         0.74962         0.07613        -7.03415
        1.24500         1.19425         0.14598        -6.92063
        1.27500         1.68225         0.24917        -6.50250
        1.30500         2.13083         0.38610        -5.77645
        1.33500         2.47728         0.55270        -4.78385
        1.36500         2.67414         0.74071        -3.60785
        1.39500         2.74173         0.94204        -2.33000
        1.42500         2.66485         1.14623        -1.05547
        1.45500         2.48570         1.34479         0.13031
        1.48500         2.23981         1.53117         1.16106
        1.51500         1.96994         1.70178         2.00036
        1.54500         1.69307         1.85428         2.62406
        1.57500         1.44333         1.98938         3.03866
        1.60500         1.20645         2.10665         3.23916
        1.63500         1.00885         2.20841         3.24808
        1.66500         0.84541         2.29684         3.08651
        1.69500         0.70576         2.37335         2.76781
        1.72500         0.59373         2.44002         2.31205
        1.75500         0.50693         2.49893         1.73951
        1.78500         0.43617         2.55137         1.06224
        1.81500         0.38658         2.59943         0.30042
        1.84500         0.34793         2.64412        -0.53640
        1.87500         0.31921         2.68646        -1.43870
        1.90500         0.30176         2.72778        -2.39399
        1.93500         0.29269         2.76913        -3.39241
        1.96500         0.29228         2.81172        -4.42263
        1.99500         0.30250         2.85715        -5.46920
        2.02500         0.31476         2.90585        -6.52852
        2.05500         0.33751         2.95963        -7.58325
        2.08500         0.37110         3.02050        -8.61396
        2.11500         0.40932         3.08959        -9.61008
        2.14500         0.45740         3.16900       -10.55127
        2.17500         0.51254         3.26049       -11.42061
        2.20500         0.57662         3.36627       -12.19666
        2.23500         0.64444         3.48774       -12.86625
        2.26500         0.71621         3.62638       -13.41513
        2.29500         0.79329         3.78404       -13.82557
        2.32500         0.87534         3.96258       -14.07963
        2.35500         0.95073         4.16154       -14.18264
        2.38500         1.02264         4.38103       -14.13409
        2.41500         1.09277         4.62151       -13.93013
        2.44500         1.15435         4.88190       -13.58226
        2.47500         1.19996         5.15925       -13.12049
        2.50500         1.24171         5.45326       -12.54869
        2.53500         1.26259         5.75941       -11.91253
        2.56500         1.27447         6.07580       -11.23176
        2.59500         1.26962         6.39840       -10.54728
        2.62500         1.25270         6.72411        -9.89083
        2.65500         1.22794         7.05071        -9.28510
        2.68500         1.19434         7.37560        -8.75692
        2.71500         1.15670         7.69732        -8.32145
        2.74500         1.11585         8.01458        -7.99236
        2.77500         1.08017         8.32844        -7.75963
        2.80500         1.04462         8.63856        -7.62729
        2.83500         1.01431         8.94617        -7.58394
        2.86500         0.98373         9.25085        -7.63429
        2.89500         0.96307         9.55541        -7.75097
        2.92500         0.94290         9.85980        -7.93515
        2.95500         0.92701        10.16523        -8.17543
        2.98500         0.91655        10.47339        -8.45574
        3.01500         0.91070        10.78575        -8.76177
        3.04500         0.90627        11.10282        -9.08940
        3.07500         0.90571        11.42596        -9.42552
        3.10500         0.90521        11.75526        -9.77006
        3.13500         0.90554        12.09108       -10.12005
        3.16500         0.91250        12.43598       -10.45050
        3.19500         0.91845        12.78974       -10.76436
        3.22500         0.92486        13.15270       -11.05896
        3.25500         0.93341        13.52585       -11.32493
        3.28500         0.94250        13.90962       -11.55887
        3.31500         0.95331        14.30491       -11.75229
        3.34500         0.96424        14.71201       -11.90313
        3.37500         0.97771        15.13223       -11.99885
        3.40500         0.99072        15.56564       -12.03941
        3.43500         1.00384        16.01256       -12.02231
        3.46500         1.01829        16.47387       -11.93954
        3.49500         1.03313        16.95005       -11.78699
        3.52500         1.04435        17.43969       -11.57923
        3.55500         1.05730        17.94388       -11.30623
        3.58500         1.06856        18.46208       -10.97402
        3.61500         1.07638        18.99284       -10.59770
        3.64500         1.08749        19.53802       -10.15947
        3.67500         1.09319        20.09511        -9.68500
        3.70500         1.09739        20.66351        -9.18101
        3.73500         1.09856        21.24177        -8.66265
        3.76500         1.09812        21.82912        -8.13831
        3.79500         1.09358        22.42340        -7.63023
        3.82500         1.08916        23.02467        -7.13846
        3.85500         1.08098        23.63082        -6.68479
        3.88500         1.07046        24.24045        -6.28387
        3.91500         1.06177        24.85451        -5.92694
        3.94500         1.05193        25.47224        -5.62223
        3.97500         1.04278        26.09394        -5.36740
        4.00500         1.03167        26.71834        -5.17586
        4.03500         1.02159        27.34594        -5.04335
        4.06500         1.01353        27.97787        -4.95909
        4.09500         1.00452        28.61347        -4.93054
        4.12500         0.99908        29.25492        -4.93641
        4.15500         0.99185        29.90103        -4.98945
        4.18500         0.98695        30.55326        -5.07558
        4.21500         0.98381        31.21277        -5.18405
        4.24500         0.98027        31.87930        -5.31809
        4.27500         0.98011        32.55516        -5.45514
        4.30500         0.97912        33.23986        -5.60105
        4.33500         0.97966        33.93452        -5.74512
        4.36500         0.98214        34.64060        -5.87339
        4.39500         0.98148        35.35595        -6.00826
        4.42500         0.98393        36.08290        -6.12690
        4.45500         0.98654        36.82170        -6.22759
        4.48500         0.98858        37.57203        -6.31420
        4.51500         0.99039        38.33382        -6.38803
        4.54500         0.99302        39.10783        -6.44236
        4.57500         0.99706        39.89527        -6.46552
        4.60500         0.99885        40.69451        -6.47473
        4.63500         1.00310        41.50763        -6.44965
        4.66500         1.00570        42.33346        -6.40287
        4.69500         1.00943        43.17304        -6.32450
        4.72500         1.01042        44.02422        -6.23677
        4.75500         1.01323        44.88864        -6.12397
        4.78500         1.01444        45.76505        -5.99933
        4.81500         1.01683        46.65457        -5.85220
        4.84500         1.01838        47.55658        -5.68956
        4.87500         1.01888        48.47025        -5.52041
        4.90500         1.01676        49.39327        -5.36840
        4.93500         1.01573        50.32667        -5.22398
        4.96500         1.01465        51.27045        -5.08779
        4.99500         1.01458        52.22560        -4.95069
        5.02500         1.01084        53.18870        -4.84749
        5.05500         1.00837        54.16094        -4.76687
        5.08500         1.00655        55.14299        -4.70300
        5.11500         1.00544        56.13556        -4.64939
        5.14500         1.00154        57.13592        -4.63403
        5.17500         0.99955        58.14596        -4.63854
        5.20500         0.99730        59.16546        -4.66607
        5.23500         0.99357        60.19288        -4.73247
        5.26500         0.99228        61.23075        -4.81316
        5.29500         0.99000        62.27808        -4.91889
        5.32500         0.98788        63.33504        -5.04846
        5.35500         0.98604        64.40195        -5.19934
        5.38500         0.98398        65.47859        -5.37450
        5.41500         0.98412        66.56742        -5.55003
        5.44500         0.98467        67.66896        -5.72143
        5.47500         0.98324        68.78106        -5.91083
        5.50500         0.98404        69.90629        -6.09319
        5.53500         0.98509        71.04504        -6.26535
        5.56500         0.98520        72.19629        -6.43812
        5.59500         0.98587        73.36078        -6.60485
        5.62500         0.98698        74.53912        -6.76012
        5.65500         0.98713        75.73024        -6.91523
        5.68500         0.98876        76.93601        -7.05217
        5.71500         0.98962        78.15561        -7.17994
        5.74500         0.99191        79.39089        -7.28066
        5.77500         0.99296        80.64044        -7.36916
        5.80500         0.99505        81.90565        -7.43200
        5.83500         0.99434        83.18306        -7.50469
        5.86500         0.99443        84.47376        -7.57693
        5.89500         0.99849        85.78302        -7.59674
        5.92500         0.99867        87.10587        -7.61439
        5.95500         0.99999        88.44393        -7.61451
        5.98500         1.00089        89.79671        -7.60253
