# Distance | g(r) | Coordination Number | KB integral
        0.04500         0.00000         0.00000        -0.00090
        0.07500         0.00000         0.00000        -0.00305
        0.10500         0.00000         0.00000        -0.00724
        0.13500         0.00000         0.00000        -0.01414
        0.16500         0.00000         0.00000        -0.02443
        0.19500         0.00000         0.00000        -0.03879
        0.22500         0.00000         0.00000        -0.05791
        0.25500         0.00000         0.00000        -0.08245
        0.28500         0.00000         0.00000        -0.11310
        0.31500         0.00000         0.00000        -0.15053
        0.34500         0.00000         0.00000        -0.19543
        0.37500         0.00000         0.00000        -0.24847
        0.40500         0.00000         0.00000        -0.31034
        0.43500         0.00000         0.00000        -0.38170
        0.46500         0.00000         0.00000        -0.46325
        0.49500         0.00000         0.00000        -0.55565
        0.52500         0.00000         0.00000        -0.65958
        0.55500         0.00000         0.00000        -0.77573
        0.58500         0.00000         0.00000        -0.90478
        0.61500         0.00000         0.00000        -1.04739
        0.64500         0.00000         0.00000        -1.20426
        0.67500         0.00000         0.00000        -1.37606
        0.70500         0.00000         0.00000        -1.56346
        0.73500         0.00000         0.00000        -1.76715
        0.76500         0.00000         0.00000        -1.98780
        0.79500         0.00000         0.00000        -2.22609
        0.82500         0.00000         0.00000        -2.48271
        0.85500         0.00000         0.00000        -2.75833
        0.88500         0.00000         0.00000        -3.05363
        0.91500         0.00000         0.00000        -3.36928
        0.94500         0.00000         0.00000        -3.70597
        0.97500         0.00000         0.00000        -4.06438
        1.00500         0.00000         0.00000        -4.44518
        1.03500         0.00007         0.00000        -4.84902
        1.06500         0.00081         0.00005        -5.27630
        1.09500         0.00555         0.00037        -5.72584
        1.12500         0.02326         0.00180        -6.19190
        1.15500         0.07437         0.00662        -6.65744
        1.18500         0.19474         0.01991        -7.08375
        1.21500         0.40609         0.04903        -7.41429
        1.24500         0.73203         0.10415        -7.57088
        1.27500         1.14503         0.19458        -7.48200
        1.30500         1.57931         0.32524        -7.11006
        1.33500         1.97206         0.49599        -6.45692
        1.36500         2.27065         0.70152        -5.56436
        1.39500         2.42638         0.93090        -4.51788
        1.42500         2.44168         1.17177        -3.41419
        1.45500         2.32744         1.41114        -2.35472
        1.48500         2.14534         1.64097        -1.40251
        1.51500         1.91537         1.85454        -0.61043
        1.54500         1.66024         2.04706        -0.01627
        1.57500         1.41196         2.21722         0.36900
        1.60500         1.18251         2.36520         0.54625
        1.63500         0.98315         2.49288         0.52927
        1.66500         0.81829         2.60308         0.33936
        1.69500         0.68006         2.69800        -0.00718
        1.72500         0.57038         2.78045        -0.48914
        1.75500         0.48243         2.85263        -1.09013
        1.78500         0.41553         2.91695        -1.79220
        1.81500         0.36871         2.97595        -2.57622
        1.84500         0.33461         3.03129        -3.43012
        1.87500         0.31173         3.08453        -4.34235
        1.90500         0.30031         3.13747        -5.29963
        1.93500         0.29963         3.19197        -6.28825
        1.96500         0.30967         3.25006        -7.29316
        1.99500         0.32436         3.31277        -8.30693
        2.02500         0.35353         3.38320        -9.30632
        2.05500         0.39027         3.46326       -10.27706
        2.08500         0.43085         3.55425       -11.20983
        2.11500         0.48723         3.66013       -12.07458
        2.14500         0.54742         3.78248       -12.85961
        2.17500         0.62030         3.92503       -13.53679
        2.20500         0.69617         4.08946       -14.09369
        2.23500         0.78061         4.27889       -14.50685
        2.26500         0.86326         4.49403       -14.77131
        2.29500         0.95133         4.73745       -14.86796
        2.32500         1.03241         5.00856       -14.80192
        2.35500         1.10896         5.30734       -14.57411
        2.38500         1.17924         5.63319       -14.18974
        2.41500         1.23656         5.98354       -13.66960
        2.44500         1.28217         6.35590       -13.03367
        2.47500         1.32008         6.74872       -12.29451
        2.50500         1.33868         7.15680       -11.49329
        2.53500         1.34600         7.57699       -10.65507
        2.56500         1.33968         8.00517        -9.81255
        2.59500         1.32327         8.43806        -8.99187
        2.62500         1.29804         8.87256        -8.21764
        2.65500         1.26723         9.30651        -7.50750
        2.68500         1.23138         9.73776        -6.87863
        2.71500         1.19163        10.16446        -6.34611
        2.74500         1.14979        10.58534        -5.92061
        2.77500         1.11131        11.00107        -5.59747
        2.80500         1.07934        11.41361        -5.36214
        2.83500         1.04663        11.82226        -5.22085
        2.86500         1.01562        12.22723        -5.17252
        2.89500         0.99627        12.63286        -5.18430
        2.92500         0.97498        13.03808        -5.26501
        2.95500         0.95628        13.44373        -5.40893
        2.98500         0.94601        13.85321        -5.59030
        3.01500         0.93503        14.26611        -5.81295
        3.04500         0.92663        14.68348        -6.06944
        3.07500         0.92506        15.10840        -6.33658
        3.10500         0.92261        15.54051        -6.61787
        3.13500         0.92534        15.98230        -6.89451
        3.16500         0.92622        16.43303        -7.17315
        3.19500         0.92685        16.89265        -7.45464
        3.22500         0.93381        17.36446        -7.71417
        3.25500         0.94051        17.84853        -7.95178
        3.28500         0.94734        18.34515        -8.16601
        3.31500         0.95769        18.85641        -8.34130
        3.34500         0.96616        19.38157        -8.48403
        3.37500         0.97696        19.92216        -8.58297
        3.40500         0.98624        20.47764        -8.64312
        3.43500         1.00206        21.05201        -8.63393
        3.46500         1.01250        21.64255        -8.57736
        3.49500         1.02470        22.25060        -8.46363
        3.52500         1.03762        22.87693        -8.28739
        3.55500         1.04992        23.52152        -8.04956
        3.58500         1.05865        24.18248        -7.76540
        3.61500         1.06731        24.86005        -7.43380
        3.64500         1.07360        25.55297        -7.06514
        3.67500         1.07731        26.25978        -6.67152
        3.70500         1.08029        26.98016        -6.25604
        3.73500         1.07880        27.71125        -5.84159
        3.76500         1.07487        28.45143        -5.44148
        3.79500         1.06994        29.19999        -5.06174
        3.82500         1.06117        29.95421        -4.72435
        3.85500         1.05115        30.71306        -4.43778
        3.88500         1.04091        31.47627        -4.20501
        3.91500         1.03060        32.24363        -4.02820
        3.94500         1.02086        33.01543        -3.90580
        3.97500         1.00941        33.79023        -3.84975
        4.00500         0.99929        34.56888        -3.85406
        4.03500         0.99095        35.35264        -3.90962
        4.06500         0.98329        36.14195        -4.01374
        4.09500         0.97515        36.93633        -4.17084
        4.12500         0.96922        37.73748        -4.36829
        4.15500         0.96521        38.54697        -4.59470
        4.18500         0.96144        39.36498        -4.84931
        4.21500         0.96323        40.19631        -5.09557
        4.24500         0.96152        41.03801        -5.35700
        4.27500         0.96201        41.89209        -5.61875
        4.30500         0.96261        42.75874        -5.87998
        4.33500         0.96508        43.63976        -6.12739
        4.36500         0.96561        44.53351        -6.37443
        4.39500         0.97000        45.44371        -6.59290
        4.42500         0.97291        46.36914        -6.79288
        4.45500         0.97780        47.31188        -6.95896
        4.48500         0.98061        48.27011        -7.10601
        4.51500         0.98520        49.24574        -7.21975
        4.54500         0.98838        50.23757        -7.31028
        4.57500         0.99242        51.24664        -7.37007
        4.60500         0.99900        52.27577        -7.37809
        4.63500         1.00188        53.32136        -7.36286
        4.66500         1.00506        54.38389        -7.32136
        4.69500         1.00807        55.46335        -7.25431
        4.72500         1.00997        56.55871        -7.17040
        4.75500         1.01165        57.66988        -7.07107
        4.78500         1.01343        58.79709        -6.95511
        4.81500         1.01547        59.94077        -6.81993
        4.84500         1.01549        61.09877        -6.68283
        4.87500         1.01365        62.26904        -6.56052
        4.90500         1.01432        63.45453        -6.43063
        4.93500         1.01406        64.65426        -6.30157
        4.96500         1.01272        65.86702        -6.18336
        4.99500         1.00973        67.09085        -6.09186
        5.02500         1.00881        68.32830        -6.00796
        5.05500         1.00693        69.57823        -5.94121
        5.08500         1.00431        70.83976        -5.89917
        5.11500         1.00253        72.11395        -5.87425
        5.14500         1.00006        73.39994        -5.87370
        5.17500         0.99800        74.69831        -5.89392
        5.20500         0.99356        76.00593        -5.95968
        5.23500         0.99287        77.32775        -6.03331
        5.26500         0.99098        78.66221        -6.12757
        5.29500         0.98993        80.01050        -6.23398
        5.32500         0.98906        81.37291        -6.35094
        5.35500         0.98738        82.74837        -6.48740
        5.38500         0.98827        84.14054        -6.61564
        5.41500         0.98788        85.54771        -6.74963
        5.44500         0.98799        86.97067        -6.88390
        5.47500         0.98843        88.41000        -7.01463
        5.50500         0.98896        89.86593        -7.14076
        5.53500         0.99111        91.34096        -7.24345
        5.56500         0.99184        92.83312        -7.33875
        5.59500         0.99288        94.34301        -7.42273
        5.62500         0.99508        95.87251        -7.48137
        5.65500         0.99549        97.41901        -7.53569
        5.68500         0.99560        98.98213        -7.58926
        5.71500         0.99851       100.56641        -7.60756
        5.74500         0.99824       102.16692        -7.62951
        5.77500         1.00145       103.78940        -7.61127
        5.80500         1.00215       105.42993        -7.58396
        5.83500         1.00343       107.08957        -7.53994
        5.86500         1.00444       108.76800        -7.48239
        5.89500         1.00511       110.46479        -7.41546
        5.92500         1.00517       112.17898        -7.34706
        5.95500         1.00447       113.90938        -7.28732
        5.98500         1.00649       115.66076        -7.19973
