# Distance | g(r) | Coordination Number | KB integral
        0.04500         0.00000         0.00000        -0.00090
        0.07500         0.00000         0.00000        -0.00305
        0.10500         0.00000         0.00000        -0.00724
        0.13500         0.00000         0.00000        -0.01414
        0.16500         0.00000         0.00000        -0.02443
        0.19500         0.00000         0.00000        -0.03879
        0.22500         0.00000         0.00000        -0.05791
        0.25500         0.00000         0.00000        -0.08245
        0.28500         0.00000         0.00000        -0.11310
        0.31500         0.00000         0.00000        -0.15053
        0.34500         0.00000         0.00000        -0.19543
        0.37500         0.00000         0.00000        -0.24847
        0.40500         0.00000         0.00000        -0.31034
        0.43500         0.00000         0.00000        -0.38170
        0.46500         0.00000         0.00000        -0.46325
        0.49500         0.00000         0.00000        -0.55565
        0.52500         0.00000         0.00000        -0.65958
        0.55500         0.00000         0.00000        -0.77573
        0.58500         0.00000         0.00000        -0.90478
        0.61500         0.00000         0.00000        -1.04739
        0.64500         0.00000         0.00000        -1.20426
        0.67500         0.00000         0.00000        -1.37606
        0.70500         0.00000         0.00000        -1.56346
        0.73500         0.00000         0.00000        -1.76715
        0.76500         0.00000         0.00000        -1.98780
        0.79500         0.00000         0.00000        -2.22609
        0.82500         0.00000         0.00000        -2.48271
        0.85500         0.00000         0.00000        -2.75833
        0.88500         0.00000         0.00000        -3.05363
        0.91500         0.00000         0.00000        -3.36928
        0.94500         0.00000         0.00000        -3.70597
        0.97500         0.00000         0.00000        -4.06438
        1.00500         0.00004         0.00000        -4.44516
        1.03500         0.00025         0.00001        -4.84893
        1.06500         0.00295         0.00014        -5.27529
        1.09500         0.01464         0.00080        -5.72073
        1.12500         0.05756         0.00356        -6.17042
        1.15500         0.16550         0.01192        -6.59012
        1.18500         0.38507         0.03239        -6.91567
        1.21500         0.73407         0.07342        -7.06367
        1.24500         1.19934         0.14380        -6.94718
        1.27500         1.72702         0.25009        -6.50161
        1.30500         2.24673         0.39495        -5.70114
        1.33500         2.65026         0.57377        -4.59231
        1.36500         2.89277         0.77783        -3.26274
        1.39500         2.98871         0.99802        -1.80370
        1.42500         2.90339         1.22123        -0.34654
        1.45500         2.70246         1.43783         1.01224
        1.48500         2.42760         1.64050         2.19911
        1.51500         2.12444         1.82510         3.17210
        1.54500         1.80311         1.98805         3.89483
        1.57500         1.51710         2.13053         4.37842
        1.60500         1.25529         2.25295         4.62635
        1.63500         1.03585         2.35778         4.66248
        1.66500         0.85683         2.44771         4.51284
        1.69500         0.70463         2.52435         4.19291
        1.72500         0.58818         2.59061         3.73093
        1.75500         0.49967         2.64887         3.14995
        1.78500         0.42863         2.70058         2.46362
        1.81500         0.37654         2.74754         1.68934
        1.84500         0.34059         2.79143         0.84310
        1.87500         0.31614         2.83351        -0.06327
        1.90500         0.30381         2.87525        -1.01575
        1.93500         0.29791         2.91748        -2.00680
        1.96500         0.30451         2.96199        -3.01921
        1.99500         0.31686         3.00973        -4.04425
        2.02500         0.34232         3.06288        -5.06097
        2.05500         0.37274         3.12247        -6.05961
        2.08500         0.41366         3.19055        -7.02057
        2.11500         0.46313         3.26898        -7.92595
        2.14500         0.51696         3.35902        -8.76382
        2.17500         0.58393         3.46360        -9.50586
        2.20500         0.65548         3.58425       -10.13736
        2.23500         0.73385         3.72303       -10.63857
        2.26500         0.81755         3.88182       -10.99145
        2.29500         0.89789         4.06086       -11.19420
        2.32500         0.98296         4.26202       -11.22892
        2.35500         1.06218         4.48504       -11.09891
        2.38500         1.13190         4.72878       -10.81607
        2.41500         1.19791         4.99328       -10.38093
        2.44500         1.25193         5.27661        -9.81314
        2.47500         1.29154         5.57613        -9.13988
        2.50500         1.31746         5.88910        -8.38887
        2.53500         1.32960         6.21258        -7.59036
        2.56500         1.32924         6.54366        -6.77374
        2.59500         1.31547         6.87902        -5.97286
        2.62500         1.28671         7.21468        -5.22805
        2.65500         1.24871         7.54792        -4.56710
        2.68500         1.20852         7.87776        -4.00038
        2.71500         1.16052         8.20161        -3.55432
        2.74500         1.11688         8.52021        -3.22230
        2.77500         1.07060         8.83233        -3.01734
        2.80500         1.02820         9.13859        -2.93370
        2.83500         0.99035         9.43993        -2.96295
        2.86500         0.96111         9.73859        -3.08330
        2.89500         0.93272        10.03453        -3.29587
        2.92500         0.91036        10.32940        -3.58498
        2.95500         0.89306        10.62462        -3.93703
        2.98500         0.88077        10.92173        -4.33753
        3.01500         0.87356        11.22235        -4.77084
        3.04500         0.86814        11.52709        -5.23174
        3.07500         0.86781        11.83774        -5.70295
        3.10500         0.86841        12.15470        -6.18121
        3.13500         0.87215        12.47921        -6.65492
        3.16500         0.87686        12.81174        -7.11996
        3.19500         0.88411        13.15341        -7.56596
        3.22500         0.89140        13.50439        -7.99179
        3.25500         0.90180        13.86611        -8.38405
        3.28500         0.91394        14.23948        -8.73417
        3.31500         0.92714        14.62520        -9.03602
        3.34500         0.93964        15.02323        -9.29063
        3.37500         0.95464        15.43489        -9.48542
        3.40500         0.96740        15.85951        -9.62791
        3.43500         0.98415        16.29912        -9.69841
        3.46500         1.00144        16.75431        -9.69190
        3.49500         1.01509        17.22372        -9.62241
        3.52500         1.03236        17.70935        -9.47081
        3.55500         1.04504        18.20935        -9.25622
        3.58500         1.05700        18.72365        -8.98004
        3.61500         1.06752        19.25178        -8.64741
        3.64500         1.07641        19.79320        -8.26471
        3.67500         1.08310        20.34698        -7.84158
        3.70500         1.08651        20.91161        -7.39390
        3.73500         1.08602        21.48517        -6.94149
        3.76500         1.08394        22.06686        -6.49289
        3.79500         1.07972        22.65556        -6.06006
        3.82500         1.07285        23.24980        -5.65822
        3.85500         1.06359        23.84818        -5.30199
        3.88500         1.05727        24.45230        -4.97610
        3.91500         1.04392        25.05804        -4.72235
        3.94500         1.03247        25.66635        -4.53186
        3.97500         1.02071        26.27691        -4.40851
        4.00500         1.01021        26.89035        -4.34679
        4.03500         1.00258        27.50832        -4.33094
        4.06500         0.99445        28.13042        -4.36550
        4.09500         0.98684        28.75690        -4.44871
        4.12500         0.97972        29.38801        -4.57881
        4.15500         0.97540        30.02551        -4.73893
        4.18500         0.97250        30.67033        -4.92049
        4.21500         0.96927        31.32225        -5.12630
        4.24500         0.97041        31.98427        -5.32731
        4.27500         0.97008        32.65545        -5.53343
        4.30500         0.96969        33.33580        -5.74518
        4.33500         0.97240        34.02760        -5.94070
        4.36500         0.97455        34.73055        -6.12354
        4.39500         0.97685        35.44489        -6.29213
        4.42500         0.98085        36.17197        -6.43353
        4.45500         0.98388        36.91122        -6.55417
        4.48500         0.98822        37.66377        -6.64349
        4.51500         0.99370        38.43065        -6.69190
        4.54500         0.99663        39.21004        -6.71811
        4.57500         1.00065        40.00294        -6.71302
        4.60500         1.00448        40.80935        -6.67719
        4.63500         1.00937        41.63028        -6.60130
        4.66500         1.01169        42.46379        -6.50536
        4.69500         1.01612        43.31174        -6.37143
        4.72500         1.01828        44.17239        -6.21754
        4.75500         1.02115        45.04646        -6.03726
        4.78500         1.02272        45.93296        -5.84113
        4.81500         1.02394        46.83168        -5.63188
        4.84500         1.02344        47.74118        -5.42449
        4.87500         1.02352        48.66205        -5.21376
        4.90500         1.02295        49.59378        -5.00562
        4.93500         1.02192        50.53599        -4.80433
        4.96500         1.02032        51.48819        -4.61553
        4.99500         1.01787        52.44962        -4.44745
        5.02500         1.01594        53.42079        -4.29568
        5.05500         1.01336        54.40110        -4.16701
        5.08500         1.00948        55.38928        -4.07457
        5.11500         1.00581        56.38551        -4.01726
        5.14500         1.00402        57.39168        -3.97711
        5.17500         1.00175        58.40731        -3.95940
        5.20500         0.99816        59.43108        -3.97815
        5.23500         0.99487        60.46325        -4.03118
        5.26500         0.99318        61.50552        -4.10245
        5.29500         0.99239        62.55887        -4.18286
        5.32500         0.99067        63.62233        -4.28262
        5.35500         0.98921        64.69622        -4.39932
        5.38500         0.98961        65.78263        -4.51285
        5.41500         0.98718        66.87847        -4.65458
        5.44500         0.98744        67.98678        -4.79495
        5.47500         0.98749        69.10740        -4.93633
        5.50500         0.98928        70.24239        -5.05875
        5.53500         0.98843        71.38878        -5.19243
        5.56500         0.98955        72.54895        -5.31449
        5.59500         0.99099        73.72337        -5.42081
        5.62500         0.99193        74.91155        -5.51704
        5.65500         0.99324        76.11403        -5.59850
        5.68500         0.99542        77.33196        -5.65433
        5.71500         0.99524        78.56255        -5.71299
        5.74500         0.99780        79.80930        -5.74032
        5.77500         0.99872        81.07026        -5.75646
        5.80500         1.00036        82.34645        -5.75186
        5.83500         1.00079        83.63643        -5.74169
        5.86500         1.00191        84.94115        -5.71692
        5.89500         1.00326        86.26104        -5.67423
        5.92500         1.00369        87.59496        -5.62542
        5.95500         1.00396        88.94279        -5.57245
        5.98500         1.00470        90.30524        -5.50899
