# Distance | g(r) | Coordination Number | KB integral
        0.04500         0.00000         0.00000        -0.00090
        0.07500         0.00000         0.00000        -0.00305
        0.10500         0.00000         0.00000        -0.00724
        0.13500         0.00000         0.00000        -0.01414
        0.16500         0.00000         0.00000        -0.02443
        0.19500         0.00000         0.00000        -0.03879
        0.22500         0.00000         0.00000        -0.05791
        0.25500         0.00000         0.00000        -0.08245
        0.28500         0.00000         0.00000        -0.11310
        0.31500         0.00000         0.00000        -0.15053
        0.34500         0.00000         0.00000        -0.19543
        0.37500         0.00000         0.00000        -0.24847
        0.40500         0.00000         0.00000        -0.31034
        0.43500         0.00000         0.00000        -0.38170
        0.46500         0.00000         0.00000        -0.46325
        0.49500         0.00000         0.00000        -0.55565
        0.52500         0.00000         0.00000        -0.65958
        0.55500         0.00000         0.00000        -0.77573
        0.58500         0.00000         0.00000        -0.90478
        0.61500         0.00000         0.00000        -1.04739
        0.64500         0.00000         0.00000        -1.20426
        0.67500         0.00000         0.00000        -1.37606
        0.70500         0.00000         0.00000        -1.56346
        0.73500         0.00000         0.00000        -1.76715
        0.76500         0.00000         0.00000        -1.98780
        0.79500         0.00000         0.00000        -2.22609
        0.82500         0.00000         0.00000        -2.48271
        0.85500         0.00000         0.00000        -2.75833
        0.88500         0.00000         0.00000        -3.05363
        0.91500         0.00000         0.00000        -3.36928
        0.94500         0.00000         0.00000        -3.70597
        0.97500         0.00000         0.00000        -4.06438
        1.00500         0.00001         0.00000        -4.44517
        1.03500         0.00011         0.00001        -4.84900
        1.06500         0.00070         0.00005        -5.27632
        1.09500         0.00402         0.00030        -5.72656
        1.12500         0.01823         0.00150        -6.19501
        1.15500         0.05936         0.00561        -6.66810
        1.18500         0.15916         0.01721        -7.11325
        1.21500         0.34830         0.04391        -7.47596
        1.24500         0.64117         0.09552        -7.68565
        1.27500         1.02020         0.18163        -7.67327
        1.30500         1.44045         0.30901        -7.39048
        1.33500         1.82853         0.47822        -6.83377
        1.36500         2.12277         0.68360        -6.04509
        1.39500         2.30659         0.91667        -5.08649
        1.42500         2.34223         1.16363        -4.05894
        1.45500         2.26228         1.41231        -3.05148
        1.48500         2.09354         1.65203        -2.14234
        1.51500         1.87668         1.87569        -1.38374
        1.54500         1.63532         2.07838        -0.81200
        1.57500         1.39263         2.25776        -0.44481
        1.60500         1.17516         2.41494        -0.27471
        1.63500         0.97547         2.55034        -0.29943
        1.66500         0.80990         2.66692        -0.49811
        1.69500         0.67512         2.76764        -0.85000
        1.72500         0.56805         2.85540        -1.33456
        1.75500         0.48107         2.93234        -1.93713
        1.78500         0.41457         3.00093        -2.64035
        1.81500         0.36754         3.06379        -3.42582
        1.84500         0.33389         3.12281        -4.28065
        1.87500         0.31346         3.18003        -5.19058
        1.90500         0.30358         3.23723        -6.14337
        1.93500         0.30342         3.29622        -7.12664
        1.96500         0.31305         3.35898        -8.12662
        1.99500         0.33211         3.42762        -9.12877
        2.02500         0.36225         3.50475       -10.11468
        2.05500         0.40037         3.59254       -11.06933
        2.08500         0.44734         3.69351       -11.97508
        2.11500         0.50529         3.81088       -12.80935
        2.14500         0.57321         3.94782       -13.54964
        2.17500         0.64458         4.10615       -14.18351
        2.20500         0.72792         4.28991       -14.68222
        2.23500         0.81298         4.50077       -15.03441
        2.26500         0.90011         4.74054       -15.22760
        2.29500         0.98832         5.01083       -15.25080
        2.32500         1.07420         5.31233       -15.09959
        2.35500         1.15054         5.64365       -14.78484
        2.38500         1.21672         6.00301       -14.32011
        2.41500         1.27639         6.38953       -13.71240
        2.44500         1.32284         6.80014       -12.98482
        2.47500         1.35337         7.23059       -12.16878
        2.50500         1.37039         7.67709       -11.29257
        2.53500         1.37312         8.13526       -10.38863
        2.56500         1.36662         8.60211        -9.47930
        2.59500         1.34759         9.07330        -8.59687
        2.62500         1.32021         9.54565        -7.76505
        2.65500         1.28706        10.01672        -7.00221
        2.68500         1.24633        10.48326        -6.33271
        2.71500         1.21014        10.94642        -5.74875
        2.74500         1.16801        11.40340        -5.27147
        2.77500         1.13193        11.85599        -4.88846
        2.80500         1.09394        12.30290        -4.60982
        2.83500         1.06396        12.74690        -4.41602
        2.86500         1.03452        13.18781        -4.30921
        2.89500         1.01078        13.62767        -4.27514
        2.92500         0.99015        14.06753        -4.30693
        2.95500         0.97260        14.50849        -4.39714
        2.98500         0.95894        14.95214        -4.53508
        3.01500         0.94859        15.39987        -4.71125
        3.04500         0.93941        15.85213        -4.92304
        3.07500         0.93416        16.31077        -5.15775
        3.10500         0.93167        16.77715        -5.40611
        3.13500         0.93040        17.25194        -5.66399
        3.16500         0.92855        17.73491        -5.93380
        3.19500         0.93242        18.22911        -6.19389
        3.22500         0.93520        18.73415        -6.44798
        3.25500         0.93886        19.25064        -6.69217
        3.28500         0.94602        19.78071        -6.91177
        3.31500         0.95319        20.32459        -7.10568
        3.34500         0.96201        20.88349        -7.26592
        3.37500         0.97200        21.45836        -7.38614
        3.40500         0.98261        22.04989        -7.46215
        3.43500         0.99369        22.65867        -7.49023
        3.46500         1.00551        23.28550        -7.46529
        3.49500         1.01858        23.93153        -7.37972
        3.52500         1.03149        24.59702        -7.23224
        3.55500         1.04228        25.28096        -7.03080
        3.58500         1.05075        25.98215        -6.78491
        3.61500         1.05941        26.70100        -6.49224
        3.64500         1.06682        27.43694        -6.15758
        3.67500         1.06881        28.18644        -5.80725
        3.70500         1.07036        28.94933        -5.44313
        3.73500         1.06849        29.72328        -5.08293
        3.76500         1.06590        30.50780        -4.73074
        3.79500         1.05772        31.29875        -4.41737
        3.82500         1.05011        32.09648        -4.14099
        3.85500         1.04010        32.89905        -3.91634
        3.88500         1.03211        33.70790        -3.73361
        3.91500         1.02056        34.52009        -3.61482
        3.94500         1.00714        35.33394        -3.57292
        3.97500         0.99827        36.15293        -3.58321
        4.00500         0.98800        36.97578        -3.65580
        4.03500         0.97938        37.80371        -3.78238
        4.06500         0.97139        38.63715        -3.96058
        4.09500         0.96513        39.47748        -4.18101
        4.12500         0.96062        40.32619        -4.43362
        4.15500         0.95736        41.18436        -4.71114
        4.18500         0.95512        42.05293        -5.00749
        4.21500         0.95378        42.93277        -5.31704
        4.24500         0.95383        43.82522        -5.63070
        4.27500         0.95352        44.73003        -5.95095
        4.30500         0.95724        45.65117        -6.24971
        4.33500         0.96022        46.58809        -6.53154
        4.36500         0.96352        47.54130        -6.79360
        4.39500         0.96685        48.51099        -7.03499
        4.42500         0.97064        49.49782        -7.25173
        4.45500         0.97381        50.50134        -7.44768
        4.48500         0.97893        51.52378        -7.60742
        4.51500         0.98328        52.56454        -7.73591
        4.54500         0.98781        53.62403        -7.83085
        4.57500         0.99388        54.70416        -7.87912
        4.60500         0.99734        55.80230        -7.90037
        4.63500         1.00339        56.92155        -7.87290
        4.66500         1.00633        58.05866        -7.82097
        4.69500         1.00921        59.21373        -7.74442
        4.72500         1.01165        60.38645        -7.64633
        4.75500         1.01411        61.57699        -7.52604
        4.78500         1.01647        62.78540        -7.38387
        4.81500         1.01608        64.00854        -7.24337
        4.84500         1.01704        65.24815        -7.09255
        4.87500         1.01681        66.50286        -6.94198
        4.90500         1.01736        67.77376        -6.78453
        4.93500         1.01586        69.05834        -6.63894
        4.96500         1.01418        70.35645        -6.50718
        4.99500         1.01190        71.66734        -6.39525
        5.02500         1.01126        72.99318        -6.28804
        5.05500         1.00857        74.33134        -6.20546
        5.08500         1.00626        75.68231        -6.14445
        5.11500         1.00274        77.04450        -6.11741
        5.14500         1.00126        78.42069        -6.10480
        5.17500         1.00047        79.81186        -6.10002
        5.20500         0.99565        81.21243        -6.14448
        5.23500         0.99509        82.62839        -6.19522
        5.26500         0.99365        84.05856        -6.26161
        5.29500         0.99293        85.50402        -6.33638
        5.32500         0.99140        86.96365        -6.42835
        5.35500         0.99081        88.43891        -6.52765
        5.38500         0.99137        89.93157        -6.62202
        5.41500         0.99060        91.43975        -6.72596
        5.44500         0.99073        92.96488        -6.82957
        5.47500         0.99120        94.50760        -6.92901
        5.50500         0.99107        96.06706        -7.03103
        5.53500         0.99357        97.64755        -7.10528
        5.56500         0.99379        99.24557        -7.17780
        5.59500         0.99433       100.86173        -7.24477
        5.62500         0.99675       102.49926        -7.28347
        5.65500         0.99803       104.15642        -7.30728
        5.68500         0.99927       105.83330        -7.31614
        5.71500         1.00078       107.53048        -7.30654
        5.74500         1.00218       109.24791        -7.27947
        5.77500         1.00181       110.98269        -7.25675
        5.80500         1.00370       112.73886        -7.20973
        5.83500         1.00428       114.51425        -7.15480
        5.86500         1.00536       116.30987        -7.08527
        5.89500         1.00555       118.12425        -7.01251
        5.92500         1.00554       119.95713        -6.93917
        5.95500         1.00719       121.81165        -6.84302
        5.98500         1.00741       123.68532        -6.74290
