# Distance | g(r) | Coordination Number | KB integral
        0.04500         0.00000         0.00000        -0.00090
        0.07500         0.00000         0.00000        -0.00305
        0.10500         0.00000         0.00000        -0.00724
        0.13500         0.00000         0.00000        -0.01414
        0.16500         0.00000         0.00000        -0.02443
        0.19500         0.00000         0.00000        -0.03879
        0.22500         0.00000         0.00000        -0.05791
        0.25500         0.00000         0.00000        -0.08245
        0.28500         0.00000         0.00000        -0.11310
        0.31500         0.00000         0.00000        -0.15053
        0.34500         0.00000         0.00000        -0.19543
        0.37500         0.00000         0.00000        -0.24847
        0.40500         0.00000         0.00000        -0.31034
        0.43500         0.00000         0.00000        -0.38170
        0.46500         0.00000         0.00000        -0.46325
        0.49500         0.00000         0.00000        -0.55565
        0.52500         0.00000         0.00000        -0.65958
        0.55500         0.00000         0.00000        -0.77573
        0.58500         0.00000         0.00000        -0.90478
        0.61500         0.00000         0.00000        -1.04739
        0.64500         0.00000         0.00000        -1.20426
        0.67500         0.00000         0.00000        -1.37606
        0.70500         0.00000         0.00000        -1.56346
        0.73500         0.00000         0.00000        -1.76715
        0.76500         0.00000         0.00000        -1.98780
        0.79500         0.00000         0.00000        -2.22609
        0.82500         0.00000         0.00000        -2.48271
        0.85500         0.00000         0.00000        -2.75833
        0.88500         0.00000         0.00000        -3.05363
        0.91500         0.00000         0.00000        -3.36928
        0.94500         0.00000         0.00000        -3.70597
        0.97500         0.00000         0.00000        -4.06438
        1.00500         0.00001         0.00000        -4.44517
        1.03500         0.00019         0.00001        -4.84897
        1.06500         0.00155         0.00009        -5.27593
        1.09500         0.00857         0.00054        -5.72410
        1.12500         0.03433         0.00246        -6.18488
        1.15500         0.10047         0.00836        -6.63729
        1.18500         0.24246         0.02337        -7.03834
        1.21500         0.48598         0.05499        -7.32442
        1.24500         0.83160         0.11181        -7.42282
        1.27500         1.24994         0.20137        -7.26964
        1.30500         1.66454         0.32632        -6.84297
        1.33500         2.02578         0.48545        -6.15374
        1.36500         2.28703         0.67327        -5.24966
        1.39500         2.42327         0.88113        -4.20546
        1.42500         2.42382         1.09807        -3.11544
        1.45500         2.31644         1.31422        -2.06476
        1.48500         2.13265         1.52151        -1.12310
        1.51500         1.90739         1.71447        -0.33792
        1.54500         1.66187         1.88931         0.25771
        1.57500         1.42832         2.04548         0.65828
        1.60500         1.20973         2.18284         0.86196
        1.63500         1.01173         2.30205         0.87379
        1.66500         0.84385         2.40515         0.71059
        1.69500         0.71393         2.49556         0.40074
        1.72500         0.60154         2.57445        -0.04626
        1.75500         0.51538         2.64442        -0.60899
        1.78500         0.44454         2.70685        -1.27621
        1.81500         0.38928         2.76337        -2.03468
        1.84500         0.34805         2.81559        -2.87133
        1.87500         0.32050         2.86525        -3.77193
        1.90500         0.30284         2.91369        -4.72574
        1.93500         0.29452         2.96230        -5.72158
        1.96500         0.29749         3.01293        -6.74422
        1.99500         0.30379         3.06622        -7.78886
        2.02500         0.32249         3.12450        -8.83624
        2.05500         0.34908         3.18948        -9.87256
        2.08500         0.38425         3.26310       -10.88171
        2.11500         0.42898         3.34768       -11.84468
        2.14500         0.47789         3.44459       -12.75031
        2.17500         0.54102         3.55740       -13.56888
        2.20500         0.60924         3.68796       -14.28512
        2.23500         0.68621         3.83904       -14.87606
        2.26500         0.76075         4.01105       -15.33879
        2.29500         0.84451         4.20710       -15.64754
        2.32500         0.92857         4.42834       -15.79310
        2.35500         1.00747         4.67461       -15.77749
        2.38500         1.08106         4.94565       -15.60366
        2.41500         1.14574         5.24017       -15.28322
        2.44500         1.20126         5.55668       -14.82963
        2.47500         1.25004         5.89418       -14.25221
        2.50500         1.28227         6.24882       -13.58444
        2.53500         1.30696         6.61900       -12.84079
        2.56500         1.30739         6.99812       -12.07836
        2.59500         1.30529         7.38554       -11.30333
        2.62500         1.28900         7.77702       -10.55259
        2.65500         1.26309         8.16944        -9.85344
        2.68500         1.23292         8.56121        -9.22039
        2.71500         1.19902         8.95075        -8.66733
        2.74500         1.16373         9.33724        -8.20223
        2.77500         1.12782         9.72003        -7.83115
        2.80500         1.09649        10.10028        -7.54495
        2.83500         1.06437        10.47732        -7.34991
        2.86500         1.03644        10.85229        -7.23714
        2.89500         1.01226        11.22621        -7.19840
        2.92500         0.99568        11.60168        -7.21232
        2.95500         0.97579        11.97722        -7.29203
        2.98500         0.96284        12.35535        -7.41684
        3.01500         0.95569        12.73825        -7.56870
        3.04500         0.94731        13.12539        -7.75287
        3.07500         0.94368        13.51868        -7.95363
        3.10500         0.94080        13.91845        -8.16879
        3.13500         0.94040        14.32582        -8.38960
        3.16500         0.94238        14.74189        -8.60721
        3.19500         0.94419        15.16670        -8.82199
        3.22500         0.94795        15.60125        -9.02607
        3.25500         0.95160        16.04562        -9.21941
        3.28500         0.95806        16.50130        -9.39001
        3.31500         0.96853        16.97041        -9.52040
        3.34500         0.97535        17.45141        -9.62439
        3.37500         0.98227        17.94455        -9.70055
        3.40500         0.99450        18.45275        -9.72459
        3.43500         1.00474        18.97527        -9.70352
        3.46500         1.01721        19.51355        -9.62560
        3.49500         1.02815        20.06709        -9.49596
        3.52500         1.03977        20.63653        -9.30964
        3.55500         1.05077        21.22184        -9.06774
        3.58500         1.06083        21.82276        -8.77302
        3.61500         1.06930        22.43866        -8.43161
        3.64500         1.07654        23.06906        -8.04823
        3.67500         1.08240        23.71337        -7.62870
        3.70500         1.08327        24.36877        -7.19778
        3.73500         1.08341        25.03491        -6.75914
        3.76500         1.08401        25.71217        -6.31022
        3.79500         1.08046        26.39802        -5.87334
        3.82500         1.07540        27.09149        -5.45744
        3.85500         1.06561        27.78947        -5.08987
        3.88500         1.05667        28.49240        -4.76740
        3.91500         1.04734        29.19993        -4.49385
        3.94500         1.03639        29.91084        -4.28037
        3.97500         1.02749        30.62639        -4.11665
        4.00500         1.01729        31.34558        -4.01210
        4.03500         1.00787        32.06882        -3.96380
        4.06500         0.99804        32.79570        -3.97601
        4.09500         0.98965        33.52715        -4.04145
        4.12500         0.98336        34.26463        -4.14821
        4.15500         0.97762        35.00851        -4.29390
        4.18500         0.97295        35.75957        -4.47252
        4.21500         0.97030        36.51936        -4.67145
        4.24500         0.96739        37.28769        -4.89301
        4.27500         0.96570        38.06556        -5.12935
        4.30500         0.96446        38.85338        -5.37763
        4.33500         0.96451        39.65225        -5.62907
        4.36500         0.96693        40.46425        -5.86660
        4.39500         0.96828        41.28861        -6.09758
        4.42500         0.97088        42.12649        -6.31253
        4.45500         0.97379        42.97832        -6.50867
        4.48500         0.97702        43.84453        -6.68294
        4.51500         0.98038        44.72538        -6.83368
        4.54500         0.98304        45.62040        -6.96576
        4.57500         0.98733        46.53123        -7.06572
        4.60500         0.99064        47.45714        -7.14054
        4.63500         0.99411        48.39844        -7.18828
        4.66500         0.99703        49.35476        -7.21265
        4.69500         1.00099        50.32727        -7.20441
        4.72500         1.00185        51.31309        -7.18886
        4.75500         1.00533        52.31494        -7.14344
        4.78500         1.00838        53.33255        -7.07107
        4.81500         1.00914        54.36373        -6.99120
        4.84500         1.01111        55.40985        -6.89286
        4.87500         1.01068        56.46851        -6.79720
        4.90500         1.01069        57.54024        -6.70026
        4.93500         1.01299        58.62760        -6.58101
        4.96500         1.01101        59.72606        -6.47870
        4.99500         1.00972        60.83643        -6.38727
        5.02500         1.00855        61.95887        -6.30586
        5.05500         1.00640        63.09232        -6.24424
        5.08500         1.00488        64.23754        -6.19666
        5.11500         1.00356        65.39480        -6.16151
        5.14500         0.99952        66.56095        -6.16631
        5.17500         0.99832        67.73932        -6.18327
        5.20500         0.99520        68.92766        -6.23234
        5.23500         0.99365        70.12788        -6.29793
        5.26500         0.99053        71.33808        -6.39691
        5.29500         0.98977        72.56117        -6.50502
        5.32500         0.98812        73.79610        -6.63202
        5.35500         0.98677        75.04328        -6.77500
        5.38500         0.98690        76.30464        -6.91816
        5.41500         0.98598        77.57890        -7.07317
        5.44500         0.98588        78.86718        -7.23097
        5.47500         0.98591        80.16974        -7.39020
        5.50500         0.98647        81.48737        -7.54473
        5.53500         0.98729        82.82050        -7.69156
        5.56500         0.98773        84.16873        -7.83476
        5.59500         0.98904        85.53334        -7.96405
        5.62500         0.99019        86.91422        -8.08102
        5.65500         0.99103        88.31106        -8.18913
        5.68500         0.99289        89.72540        -8.27578
        5.71500         0.99309        91.15499        -8.36091
        5.74500         0.99350        92.60023        -8.44175
        5.77500         0.99760        94.06664        -8.47188
        5.80500         0.99841        95.54952        -8.49207
        5.83500         0.99845        97.04783        -8.51191
        5.86500         1.00000        98.56393        -8.51195
        5.89500         1.00172       100.09822        -8.48936
        5.92500         1.00250       101.64937        -8.45627
        5.95500         1.00376       103.21824        -8.40596
        5.98500         1.00305       104.80184        -8.36473
