# Distance | g(r) | Coordination Number | KB integral
        0.04500         0.00000         0.00000        -0.00090
        0.07500         0.00000         0.00000        -0.00305
        0.10500         0.00000         0.00000        -0.00724
        0.13500         0.00000         0.00000        -0.01414
        0.16500         0.00000         0.00000        -0.02443
        0.19500         0.00000         0.00000        -0.03879
        0.22500         0.00000         0.00000        -0.05791
        0.25500         0.00000         0.00000        -0.08245
        0.28500         0.00000         0.00000        -0.11310
        0.31500         0.00000         0.00000        -0.15053
        0.34500         0.00000         0.00000        -0.19543
        0.37500         0.00000         0.00000        -0.24847
        0.40500         0.00000         0.00000        -0.31034
        0.43500         0.00000         0.00000        -0.38170
        0.46500         0.00000         0.00000        -0.46325
        0.49500         0.00000         0.00000        -0.55565
        0.52500         0.00000         0.00000        -0.65958
        0.55500         0.00000         0.00000        -0.77573
        0.58500         0.00000         0.00000        -0.90478
        0.61500         0.00000         0.00000        -1.04739
        0.64500         0.00000         0.00000        -1.20426
        0.67500         0.00000         0.00000        -1.37606
        0.70500         0.00000         0.00000        -1.56346
        0.73500         0.00000         0.00000        -1.76715
        0.76500         0.00000         0.00000        -1.98780
        0.79500         0.00000         0.00000        -2.22609
        0.82500         0.00000         0.00000        -2.48271
        0.85500         0.00000         0.00000        -2.75833
        0.88500         0.00000         0.00000        -3.05363
        0.91500         0.00000         0.00000        -3.36928
        0.94500         0.00000         0.00000        -3.70597
        0.97500         0.00000         0.00000        -4.06438
        1.00500         0.00001         0.00000        -4.44517
        1.03500         0.00006         0.00000        -4.84902
        1.06500         0.00068         0.00004        -5.27635
        1.09500         0.00348         0.00026        -5.72683
        1.12500         0.01506         0.00127        -6.19680
        1.15500         0.05102         0.00486        -6.67408
        1.18500         0.13545         0.01490        -7.13178
        1.21500         0.29638         0.03800        -7.52338
        1.24500         0.55674         0.08355        -7.78241
        1.27500         0.89087         0.16000        -7.84929
        1.30500         1.26875         0.27406        -7.67673
        1.33500         1.62654         0.42708        -7.25576
        1.36500         1.92521         0.61642        -6.60585
        1.39500         2.10837         0.83300        -5.79268
        1.42500         2.19450         1.06823        -4.87822
        1.45500         2.16058         1.30967        -3.95193
        1.48500         2.03145         1.54614        -3.09440
        1.51500         1.85973         1.77146        -2.35048
        1.54500         1.63720         1.97774        -1.77705
        1.57500         1.42267         2.16403        -1.38177
        1.60500         1.21372         2.32907        -1.17421
        1.63500         1.02642         2.47391        -1.14758
        1.66500         0.86106         2.59991        -1.29279
        1.69500         0.72353         2.70963        -1.59224
        1.72500         0.61162         2.80570        -2.02793
        1.75500         0.51822         2.88995        -2.58736
        1.78500         0.44639         2.96503        -3.25235
        1.81500         0.39192         3.03318        -4.00754
        1.84500         0.35174         3.09638        -4.83946
        1.87500         0.32489         3.15667        -5.73424
        1.90500         0.30548         3.21519        -6.68444
        1.93500         0.30069         3.27462        -7.67157
        1.96500         0.30612         3.33701        -8.68163
        1.99500         0.31890         3.40401        -9.70359
        2.02500         0.34124         3.47787       -10.72198
        2.05500         0.37578         3.56163       -11.71579
        2.08500         0.41747         3.65743       -12.67049
        2.11500         0.47480         3.76954       -13.55618
        2.14500         0.53794         3.90019       -14.35766
        2.17500         0.61044         4.05262       -15.05241
        2.20500         0.69016         4.22974       -15.62034
        2.23500         0.78068         4.43558       -16.03337
        2.26500         0.87131         4.67153       -16.28228
        2.29500         0.96279         4.93920       -16.35617
        2.32500         1.05155         5.23925       -16.25112
        2.35500         1.13506         5.57153       -15.96872
        2.38500         1.21335         5.93584       -15.51121
        2.41500         1.28011         6.32993       -14.89533
        2.44500         1.32973         6.74952       -14.15222
        2.47500         1.37025         7.19258       -13.29718
        2.50500         1.39266         7.65386       -12.36828
        2.53500         1.40744         8.13127       -11.38119
        2.56500         1.40208         8.61819       -10.38389
        2.59500         1.39036         9.11240        -9.39289
        2.62500         1.36934         9.61045        -8.43344
        2.65500         1.33663        10.10779        -7.53887
        2.68500         1.30268        10.60350        -6.71623
        2.71500         1.26533        11.09583        -5.97889
        2.74500         1.22463        11.58290        -5.34079
        2.77500         1.18783        12.06572        -4.79551
        2.80500         1.15109        12.54378        -4.34734
        2.83500         1.11602        13.01725        -3.99579
        2.86500         1.08328        13.48659        -3.73810
        2.89500         1.05572        13.95363        -3.56206
        2.92500         1.03057        14.41904        -3.46344
        2.95500         1.01087        14.88497        -3.42765
        2.98500         0.99477        15.35283        -3.44523
        3.01500         0.97937        15.82276        -3.51591
        3.04500         0.96665        16.29585        -3.63248
        3.07500         0.95614        16.77307        -3.78882
        3.10500         0.94756        17.25528        -3.97941
        3.13500         0.94398        17.74500        -4.18699
        3.16500         0.93969        18.24186        -4.41476
        3.19500         0.93655        18.74650        -4.65892
        3.22500         0.93614        19.26043        -4.90931
        3.25500         0.93802        19.78502        -5.15687
        3.28500         0.93980        20.32034        -5.40179
        3.31500         0.94480        20.86838        -5.63047
        3.34500         0.95036        21.42967        -5.83987
        3.37500         0.95788        22.00559        -6.02072
        3.40500         0.96541        22.59641        -6.17190
        3.43500         0.97714        23.20498        -6.27361
        3.46500         0.98470        23.82903        -6.34285
        3.49500         0.99718        24.47197        -6.35583
        3.52500         1.00753        25.13279        -6.32054
        3.55500         1.01912        25.81264        -6.22943
        3.58500         1.02976        26.51122        -6.08524
        3.61500         1.03844        27.22754        -5.89588
        3.64500         1.04321        27.95913        -5.67945
        3.67500         1.05016        28.70778        -5.42403
        3.70500         1.05372        29.47128        -5.14601
        3.73500         1.05207        30.24597        -4.87216
        3.76500         1.04992        31.03156        -4.60538
        3.79500         1.04606        31.82677        -4.35528
        3.82500         1.04105        32.63074        -4.12887
        3.85500         1.03237        33.44056        -3.94754
        3.88500         1.02280        34.25541        -3.81779
        3.91500         1.01282        35.07482        -3.74374
        3.94500         1.00432        35.89985        -3.71840
        3.97500         0.99331        36.72830        -3.75822
        4.00500         0.98278        37.56038        -3.86232
        4.03500         0.97668        38.39973        -4.00547
        4.06500         0.96627        39.24254        -4.21558
        4.09500         0.95931        40.09166        -4.47280
        4.12500         0.95566        40.95000        -4.75721
        4.15500         0.95140        41.81698        -5.07354
        4.18500         0.94876        42.69408        -5.41186
        4.21500         0.94608        43.58129        -5.77303
        4.24500         0.94641        44.48149        -6.13712
        4.27500         0.94683        45.39486        -6.50344
        4.30500         0.94872        46.32295        -6.86172
        4.33500         0.95098        47.26626        -7.20899
        4.36500         0.95374        48.22545        -7.54126
        4.39500         0.95768        49.20188        -7.84943
        4.42500         0.96256        50.19673        -8.12578
        4.45500         0.96654        51.20929        -8.37615
        4.48500         0.97233        52.24167        -8.58602
        4.51500         0.97792        53.29393        -8.75574
        4.54500         0.98262        54.36534        -8.89110
        4.57500         0.98784        55.45672        -8.98703
        4.60500         0.99335        56.56862        -9.04017
        4.63500         0.99746        57.69971        -9.06077
        4.66500         1.00317        58.85205        -9.03478
        4.69500         1.00900        60.02605        -8.95997
        4.72500         1.01182        61.21842        -8.86048
        4.75500         1.01556        62.43044        -8.72787
        4.78500         1.01796        63.66070        -8.57284
        4.81500         1.02190        64.91127        -8.38142
        4.84500         1.02249        66.17819        -8.18238
        4.87500         1.02335        67.46194        -7.97315
        4.90500         1.02407        68.76245        -7.75480
        4.93500         1.02436        70.07928        -7.53116
        4.96500         1.02287        71.41022        -7.31866
        4.99500         1.02282        72.75724        -7.10403
        5.02500         1.02068        74.11763        -6.90722
        5.05500         1.01822        75.49100        -6.73170
        5.08500         1.01577        76.87739        -6.57793
        5.11500         1.01429        78.27813        -6.43698
        5.14500         1.01283        79.69330        -6.30899
        5.17500         1.00818        81.11845        -6.22643
        5.20500         1.00555        82.55641        -6.16978
        5.23500         1.00370        84.00832        -6.13160
        5.26500         1.00150        85.47370        -6.11597
        5.29500         0.99924        86.95248        -6.12404
        5.32500         0.99683        88.44446        -6.15798
        5.35500         0.99631        89.95251        -6.19787
        5.38500         0.99453        91.47479        -6.25764
        5.41500         0.99467        93.01429        -6.31654
        5.44500         0.99420        94.57016        -6.38139
        5.47500         0.99274        96.14092        -6.46339
        5.50500         0.99438        97.73155        -6.52762
        5.53500         0.99352        99.33818        -6.60244
        5.56500         0.99377       100.96268        -6.67515
        5.59500         0.99580       102.60810        -6.72470
        5.62500         0.99572       104.27108        -6.77575
        5.65500         0.99599       105.95229        -6.82414
        5.68500         0.99785       107.65456        -6.85037
        5.71500         0.99780       109.37476        -6.87747
        5.74500         0.99931       111.11570        -6.88606
        5.77500         1.00054       112.87704        -6.87928
        5.80500         1.00159       114.65858        -6.85908
        5.83500         1.00284       116.46084        -6.82264
        5.86500         1.00331       118.28252        -6.77978
        5.89500         1.00312       120.12255        -6.73889
        5.92500         1.00430       121.98354        -6.68201
        5.95500         1.00455       123.86388        -6.62121
        5.98500         1.00514       125.76434        -6.55183
