# Distance | g(r) | Coordination Number | KB integral
        0.04500         0.00000         0.00000        -0.00090
        0.07500         0.00000         0.00000        -0.00305
        0.10500         0.00000         0.00000        -0.00724
        0.13500         0.00000         0.00000        -0.01414
        0.16500         0.00000         0.00000        -0.02443
        0.19500         0.00000         0.00000        -0.03879
        0.22500         0.00000         0.00000        -0.05791
        0.25500         0.00000         0.00000        -0.08245
        0.28500         0.00000         0.00000        -0.11310
        0.31500         0.00000         0.00000        -0.15053
        0.34500         0.00000         0.00000        -0.19543
        0.37500         0.00000         0.00000        -0.24847
        0.40500         0.00000         0.00000        -0.31034
        0.43500         0.00000         0.00000        -0.38170
        0.46500         0.00000         0.00000        -0.46325
        0.49500         0.00000         0.00000        -0.55565
        0.52500         0.00000         0.00000        -0.65958
        0.55500         0.00000         0.00000        -0.77573
        0.58500         0.00000         0.00000        -0.90478
        0.61500         0.00000         0.00000        -1.04739
        0.64500         0.00000         0.00000        -1.20426
        0.67500         0.00000         0.00000        -1.37606
        0.70500         0.00000         0.00000        -1.56346
        0.73500         0.00000         0.00000        -1.76715
        0.76500         0.00000         0.00000        -1.98780
        0.79500         0.00000         0.00000        -2.22609
        0.82500         0.00000         0.00000        -2.48271
        0.85500         0.00000         0.00000        -2.75833
        0.88500         0.00000         0.00000        -3.05363
        0.91500         0.00000         0.00000        -3.36928
        0.94500         0.00000         0.00000        -3.70597
        0.97500         0.00000         0.00000        -4.06438
        1.00500         0.00000         0.00000        -4.44518
        1.03500         0.00007         0.00000        -4.84902
        1.06500         0.00072         0.00005        -5.27633
        1.09500         0.00424         0.00030        -5.72646
        1.12500         0.01831         0.00147        -6.19488
        1.15500         0.05919         0.00547        -6.66806
        1.18500         0.15565         0.01652        -7.11506
        1.21500         0.33413         0.04145        -7.48565
        1.24500         0.61152         0.08937        -7.71267
        1.27500         0.96122         0.16837        -7.73644
        1.30500         1.34926         0.28454        -7.51220
        1.33500         1.71488         0.43905        -7.03186
        1.36500         2.00192         0.62763        -6.32806
        1.39500         2.17619         0.84173        -5.46513
        1.42500         2.24084         1.07177        -4.51520
        1.45500         2.18835         1.30598        -3.56675
        1.48500         2.05739         1.53535        -2.68765
        1.51500         1.86444         1.75169        -1.93965
        1.54500         1.64514         1.95022        -1.35907
        1.57500         1.42057         2.12837        -0.96576
        1.60500         1.20607         2.28544        -0.76563
        1.63500         1.02009         2.42330        -0.74538
        1.66500         0.85528         2.54317        -0.89663
        1.69500         0.72028         2.64778        -1.19961
        1.72500         0.60555         2.73888        -1.64210
        1.75500         0.51930         2.81974        -2.20027
        1.78500         0.44601         2.89158        -2.86573
        1.81500         0.39211         2.95688        -3.62067
        1.84500         0.35134         3.01735        -4.45311
        1.87500         0.32358         3.07486        -5.34963
        1.90500         0.30564         3.13093        -6.29961
        1.93500         0.29887         3.18750        -7.28930
        1.96500         0.30196         3.24645        -8.30542
        1.99500         0.31463         3.30975        -9.33379
        2.02500         0.33567         3.37934       -10.36079
        2.05500         0.36896         3.45811       -11.36545
        2.08500         0.41021         3.54826       -12.33205
        2.11500         0.45879         3.65202       -13.24473
        2.14500         0.51925         3.77279       -14.07864
        2.17500         0.59067         3.91405       -14.80866
        2.20500         0.66810         4.07827       -15.41702
        2.23500         0.74937         4.26751       -15.88900
        2.26500         0.83657         4.48448       -16.20508
        2.29500         0.92673         4.73124       -16.35057
        2.32500         1.01491         5.00859       -16.32019
        2.35500         1.09347         5.31517       -16.12476
        2.38500         1.16971         5.65154       -15.76082
        2.41500         1.23908         6.01687       -15.23515
        2.44500         1.29120         6.40709       -14.57888
        2.47500         1.33696         6.82111       -13.80072
        2.50500         1.36340         7.25362       -12.94104
        2.53500         1.37734         7.70108       -12.02688
        2.56500         1.37998         8.16007       -11.08441
        2.59500         1.36470         8.62466       -10.15855
        2.62500         1.34692         9.09386        -9.25734
        2.65500         1.31949         9.56407        -8.40830
        2.68500         1.28459        10.03225        -7.63483
        2.71500         1.24664        10.49680        -6.94942
        2.74500         1.21292        10.95884        -6.34459
        2.77500         1.17291        11.41545        -5.84261
        2.80500         1.13971        11.86878        -5.42819
        2.83500         1.10538        12.31791        -5.10889
        2.86500         1.07662        12.76467        -4.87179
        2.89500         1.05107        13.21000        -4.71042
        2.92500         1.02680        13.65411        -4.62399
        2.95500         1.00845        14.09928        -4.59617
        2.98500         0.99191        14.54608        -4.62334
        3.01500         0.97903        14.99599        -4.69521
        3.04500         0.96867        15.45004        -4.80471
        3.07500         0.95926        15.90859        -4.94992
        3.10500         0.95176        16.37247        -5.12527
        3.13500         0.94998        16.84447        -5.31059
        3.16500         0.94796        17.32453        -5.50710
        3.19500         0.94563        17.81253        -5.71634
        3.22500         0.94634        18.31011        -5.92675
        3.25500         0.94651        18.81708        -6.14040
        3.28500         0.95114        19.33596        -6.33917
        3.31500         0.95687        19.86755        -6.51785
        3.34500         0.95905        20.41003        -6.69059
        3.37500         0.97003        20.96862        -6.81928
        3.40500         0.97752        21.54156        -6.91753
        3.43500         0.98754        22.13063        -6.97295
        3.46500         0.99879        22.73686        -6.97840
        3.49500         1.00776        23.35917        -6.94266
        3.52500         1.01953        23.99960        -6.85119
        3.55500         1.02838        24.65663        -6.71596
        3.58500         1.03871        25.33151        -6.52842
        3.61500         1.04658        26.02293        -6.29892
        3.64500         1.05421        26.73100        -6.02738
        3.67500         1.06009        27.45479        -5.72141
        3.70500         1.06175        28.19160        -5.40183
        3.73500         1.06205        28.94060        -5.07552
        3.76500         1.06028        29.70041        -4.75338
        3.79500         1.05533        30.46876        -4.45299
        3.82500         1.04944        31.24497        -4.18030
        3.85500         1.03846        32.02514        -3.96481
        3.88500         1.03350        32.81373        -3.77418
        3.91500         1.02205        33.60566        -3.64676
        3.94500         1.01200        34.40188        -3.57634
        3.97500         1.00193        35.20220        -3.56483
        4.00500         0.99196        36.00656        -3.61347
        4.03500         0.98121        36.81418        -3.72878
        4.06500         0.97629        37.62973        -3.87646
        4.09500         0.96820        38.45051        -4.07750
        4.12500         0.96188        39.27793        -4.32202
        4.15500         0.95599        40.11228        -4.60844
        4.18500         0.95371        40.95671        -4.91406
        4.21500         0.95005        41.80999        -5.24865
        4.24500         0.95114        42.67645        -5.58059
        4.27500         0.95130        43.55536        -5.91615
        4.30500         0.95098        44.44635        -6.25862
        4.33500         0.95263        45.35136        -6.59423
        4.36500         0.95565        46.27186        -6.91278
        4.39500         0.95863        47.20796        -7.21403
        4.42500         0.96230        48.16051        -7.49232
        4.45500         0.96632        49.13006        -7.74429
        4.48500         0.97114        50.11761        -7.96316
        4.51500         0.97436        51.12173        -8.16024
        4.54500         0.97986        52.14499        -8.31708
        4.57500         0.98406        53.18625        -8.44283
        4.60500         0.98992        54.24749        -8.52340
        4.63500         0.99311        55.32607        -8.57917
        4.66500         0.99818        56.42422        -8.59414
        4.69500         1.00254        57.54140        -8.57306
        4.72500         1.00668        58.67759        -8.51683
        4.75500         1.00949        59.83146        -8.43590
        4.78500         1.01193        61.00276        -8.33292
        4.81500         1.01568        62.19318        -8.19589
        4.84500         1.01687        63.39990        -8.04660
        4.87500         1.01729        64.62212        -7.89167
        4.90500         1.01940        65.86198        -7.71572
        4.93500         1.01698        67.11408        -7.55984
        4.96500         1.01889        68.38383        -7.38432
        4.99500         1.01775        69.66754        -7.21734
        5.02500         1.01611        70.96462        -7.06396
        5.05500         1.01384        72.27429        -6.93067
        5.08500         1.01094        73.59577        -6.82405
        5.11500         1.00961        74.93113        -6.72924
        5.14500         1.00664        76.27823        -6.66294
        5.17500         1.00408        77.63761        -6.62173
        5.20500         1.00303        79.01136        -6.59082
        5.23500         1.00060        80.39763        -6.58457
        5.26500         0.99809        81.79631        -6.60457
        5.29500         0.99601        83.20803        -6.64670
        5.32500         0.99490        84.63420        -6.70122
        5.35500         0.99418        86.07544        -6.76412
        5.38500         0.99389        87.53245        -6.83092
        5.41500         0.99241        89.00355        -6.91480
        5.44500         0.99245        90.49105        -6.99920
        5.47500         0.99174        91.99391        -7.09255
        5.50500         0.99289        93.51505        -7.17378
        5.53500         0.99256        95.05229        -7.25975
        5.56500         0.99413        96.60871        -7.32826
        5.59500         0.99374        98.18133        -7.40217
        5.62500         0.99490        99.77273        -7.46295
        5.65500         0.99642       101.38359        -7.50617
        5.68500         0.99735       103.01312        -7.53847
        5.71500         0.99895       104.66253        -7.55137
        5.74500         1.00064       106.33213        -7.54338
        5.77500         1.00042       108.01883        -7.53809
        5.80500         1.00191       109.72565        -7.51378
        5.83500         1.00270       111.45151        -7.47915
        5.86500         1.00505       113.19924        -7.41367
        5.89500         1.00403       114.96311        -7.36090
        5.92500         1.00585       116.74821        -7.28348
        5.95500         1.00649       118.55258        -7.19673
        5.98500         1.00573       120.37379        -7.11936
