# Distance | g(r) | Coordination Number | KB integral
        0.04500         0.00000         0.00000        -0.00090
        0.07500         0.00000         0.00000        -0.00305
        0.10500         0.00000         0.00000        -0.00724
        0.13500         0.00000         0.00000        -0.01414
        0.16500         0.00000         0.00000        -0.02443
        0.19500         0.00000         0.00000        -0.03879
        0.22500         0.00000         0.00000        -0.05791
        0.25500         0.00000         0.00000        -0.08245
        0.28500         0.00000         0.00000        -0.11310
        0.31500         0.00000         0.00000        -0.15053
        0.34500         0.00000         0.00000        -0.19543
        0.37500         0.00000         0.00000        -0.24847
        0.40500         0.00000         0.00000        -0.31034
        0.43500         0.00000         0.00000        -0.38170
        0.46500         0.00000         0.00000        -0.46325
        0.49500         0.00000         0.00000        -0.55565
        0.52500         0.00000         0.00000        -0.65958
        0.55500         0.00000         0.00000        -0.77573
        0.58500         0.00000         0.00000        -0.90478
        0.61500         0.00000         0.00000        -1.04739
        0.64500         0.00000         0.00000        -1.20426
        0.67500         0.00000         0.00000        -1.37606
        0.70500         0.00000         0.00000        -1.56346
        0.73500         0.00000         0.00000        -1.76715
        0.76500         0.00000         0.00000        -1.98780
        0.79500         0.00000         0.00000        -2.22609
        0.82500         0.00000         0.00000        -2.48271
        0.85500         0.00000         0.00000        -2.75833
        0.88500         0.00000         0.00000        -3.05363
        0.91500         0.00000         0.00000        -3.36928
        0.94500         0.00000         0.00000        -3.70597
        0.97500         0.00000         0.00000        -4.06438
        1.00500         0.00000         0.00000        -4.44518
        1.03500         0.00006         0.00000        -4.84902
        1.06500         0.00024         0.00002        -5.27654
        1.09500         0.00227         0.00018        -5.72757
        1.12500         0.01129         0.00101        -6.19934
        1.15500         0.04007         0.00414        -6.68213
        1.18500         0.11271         0.01340        -7.15187
        1.21500         0.25982         0.03583        -7.56382
        1.24500         0.50302         0.08142        -7.85424
        1.27500         0.83252         0.16057        -7.95689
        1.30500         1.22314         0.28239        -7.81362
        1.33500         1.60633         0.44981        -7.40623
        1.36500         1.92982         0.66009        -6.75308
        1.39500         2.13666         0.90325        -5.91916
        1.42500         2.21885         1.16675        -4.98606
        1.45500         2.18175         1.43686        -4.04288
        1.48500         2.05073         1.70133        -3.16932
        1.51500         1.85290         1.95004        -2.43130
        1.54500         1.61973         2.17614        -1.87360
        1.57500         1.38612         2.37722        -1.51250
        1.60500         1.16458         2.55266        -1.35266
        1.63500         0.97495         2.70508        -1.37791
        1.66500         0.79967         2.83472        -1.58728
        1.69500         0.66796         2.94695        -1.94693
        1.72500         0.55890         3.04421        -2.44176
        1.75500         0.47097         3.12904        -3.05604
        1.78500         0.40865         3.20518        -3.76638
        1.81500         0.35973         3.27448        -4.56155
        1.84500         0.32909         3.33999        -5.42254
        1.87500         0.31033         3.40380        -6.33661
        1.90500         0.30210         3.46791        -7.29144
        1.93500         0.30607         3.53493        -8.27097
        1.96500         0.32215         3.60767        -9.25771
        1.99500         0.34562         3.68811       -10.23958
        2.02500         0.38100         3.77948       -11.19651
        2.05500         0.42664         3.88484       -12.10934
        2.08500         0.48395         4.00787       -12.95509
        2.11500         0.55048         4.15187       -13.71315
        2.14500         0.63100         4.32166       -14.35321
        2.17500         0.71750         4.52015       -14.85702
        2.20500         0.80786         4.74985       -15.20920
        2.23500         0.90437         5.01403       -15.38929
        2.26500         1.00466         5.31545       -15.38027
        2.29500         1.09769         5.65355       -15.18630
        2.32500         1.18619         6.02852       -14.80687
        2.35500         1.26686         6.43940       -14.24891
        2.38500         1.33057         6.88201       -13.54001
        2.41500         1.38521         7.35446       -12.69305
        2.44500         1.42618         7.85304       -11.73256
        2.47500         1.44813         8.37179       -10.69768
        2.50500         1.45550         8.90590        -9.62013
        2.53500         1.44470         9.44882        -8.54278
        2.56500         1.43320        10.00025        -7.46829
        2.59500         1.40303        10.55276        -6.44511
        2.62500         1.36525        11.10290        -5.49629
        2.65500         1.32390        11.64865        -4.63553
        2.68500         1.27960        12.18811        -3.87562
        2.71500         1.23547        12.72068        -3.22126
        2.74500         1.18799        13.24416        -2.68725
        2.77500         1.14802        13.76114        -2.25755
        2.80500         1.10644        14.27024        -1.94182
        2.83500         1.07081        14.77353        -1.72726
        2.86500         1.03928        15.27239        -1.60571
        2.89500         1.01270        15.76874        -1.56557
        2.92500         0.98848        16.26330        -1.60273
        2.95500         0.96979        16.75852        -1.70216
        2.98500         0.95447        17.25585        -1.85511
        3.01500         0.94043        17.75578        -2.05926
        3.04500         0.93024        18.26017        -2.30311
        3.07500         0.92090        18.76939        -2.58507
        3.10500         0.91727        19.28655        -2.88576
        3.13500         0.91195        19.81069        -3.21198
        3.16500         0.91026        20.34392        -3.55090
        3.19500         0.91006        20.88718        -3.89702
        3.22500         0.91213        21.44196        -4.24157
        3.25500         0.91548        22.00917        -4.57918
        3.28500         0.92135        22.59060        -4.89917
        3.31500         0.92791        23.18691        -5.19783
        3.34500         0.93432        23.79826        -5.47490
        3.37500         0.94653        24.42876        -5.70450
        3.40500         0.95915        25.07907        -5.88304
        3.43500         0.96846        25.74732        -6.02333
        3.46500         0.98249        26.43714        -6.10257
        3.49500         0.99479        27.14774        -6.12655
        3.52500         1.00813        27.88029        -6.08845
        3.55500         1.02150        28.63524        -5.98603
        3.58500         1.03261        29.41133        -5.82805
        3.61500         1.03896        30.20532        -5.63610
        3.64500         1.04539        31.01754        -5.40874
        3.67500         1.04713        31.84456        -5.16878
        3.70500         1.05065        32.68797        -4.90664
        3.73500         1.04616        33.54143        -4.66386
        3.76500         1.04368        34.40659        -4.43043
        3.79500         1.03491        35.27821        -4.24087
        3.82500         1.02691        36.15682        -4.09242
        3.85500         1.01791        37.04144        -3.99210
        3.88500         1.00737        37.93058        -3.95018
        3.91500         0.99628        38.82357        -3.97166
        3.94500         0.98537        39.72037        -4.05750
        3.97500         0.97497        40.62124        -4.20662
        4.00500         0.96588        41.52724        -4.41297
        4.03500         0.95953        42.44082        -4.66134
        4.06500         0.95082        43.35962        -4.96768
        4.09500         0.94834        44.28959        -5.29427
        4.12500         0.94391        45.22884        -5.65405
        4.15500         0.94333        46.18121        -6.02291
        4.18500         0.94269        47.14673        -6.40129
        4.21500         0.94345        48.12692        -6.78007
        4.24500         0.94712        49.12499        -7.13928
        4.27500         0.95076        50.14111        -7.47854
        4.30500         0.95523        51.17638        -7.79133
        4.33500         0.96036        52.23176        -8.07219
        4.36500         0.96438        53.30628        -8.32807
        4.39500         0.97037        54.40240        -8.54381
        4.42500         0.97756        55.52176        -8.70948
        4.45500         0.98320        56.66289        -8.83517
        4.48500         0.98969        57.82708        -8.91334
        4.51500         0.99675        59.01531        -8.93835
        4.54500         1.00235        60.22615        -8.92006
        4.57500         1.00677        61.45844        -8.86663
        4.60500         1.01292        62.71457        -8.76333
        4.63500         1.01748        63.99284        -8.62178
        4.66500         1.02043        65.29147        -8.45417
        4.69500         1.02530        66.61314        -8.24390
        4.72500         1.02827        67.95563        -8.00595
        4.75500         1.03085        69.31863        -7.74302
        4.78500         1.03086        70.69889        -7.47667
        4.81500         1.03228        72.09844        -7.19452
        4.84500         1.03207        73.51521        -6.91069
        4.87500         1.03106        74.94816        -6.63243
        4.90500         1.03029        76.39772        -6.35770
        4.93500         1.02768        77.86136        -6.10352
        4.96500         1.02598        79.34038        -5.86212
        4.99500         1.02241        80.83213        -5.65133
        5.02500         1.01959        82.33769        -5.46483
        5.05500         1.01682        83.85714        -5.30276
        5.08500         1.01415        85.39064        -5.16482
        5.11500         1.01029        86.93638        -5.06333
        5.14500         1.00782        88.49648        -4.98528
        5.17500         1.00406        90.06894        -4.94430
        5.20500         1.00181        91.65612        -4.92583
        5.23500         0.99856        93.25643        -4.94075
        5.26500         0.99737        94.87321        -4.96823
        5.29500         0.99571        96.50575        -5.01358
        5.32500         0.99433        98.15456        -5.07416
        5.35500         0.99228        99.81856        -5.15762
        5.38500         0.99202       101.50082        -5.24481
        5.41500         0.99137       103.20075        -5.34020
        5.44500         0.99137       104.91958        -5.43662
        5.47500         0.99185       106.65824        -5.52868
        5.50500         0.99221       108.41664        -5.61764
        5.53500         0.99346       110.19649        -5.69323
        5.56500         0.99389       111.99646        -5.76461
        5.59500         0.99498       113.81789        -5.82388
        5.62500         0.99606       115.66092        -5.87082
        5.65500         0.99711       117.52561        -5.90566
        5.68500         0.99879       119.41332        -5.92036
        5.71500         0.99843       121.32032        -5.93965
        5.74500         1.00050       123.25139        -5.93339
        5.77500         1.00161       125.20484        -5.91314
        5.80500         1.00262       127.18063        -5.87980
        5.83500         1.00262       129.17688        -5.84622
        5.86500         1.00305       131.19458        -5.80670
        5.89500         1.00390       133.23472        -5.75554
        5.92500         1.00274       135.29327        -5.71933
        5.95500         1.00491       137.37723        -5.65372
        5.98500         1.00377       139.47986        -5.60278
