# Distance | g(r) | Coordination Number | KB integral
        0.04500         0.00000         0.00000        -0.00090
        0.07500         0.00000         0.00000        -0.00305
        0.10500         0.00000         0.00000        -0.00724
        0.13500         0.00000         0.00000        -0.01414
        0.16500         0.00000         0.00000        -0.02443
        0.19500         0.00000         0.00000        -0.03879
        0.22500         0.00000         0.00000        -0.05791
        0.25500         0.00000         0.00000        -0.08245
        0.28500         0.00000         0.00000        -0.11310
        0.31500         0.00000         0.00000        -0.15053
        0.34500         0.00000         0.00000        -0.19543
        0.37500         0.00000         0.00000        -0.24847
        0.40500         0.00000         0.00000        -0.31034
        0.43500         0.00000         0.00000        -0.38170
        0.46500         0.00000         0.00000        -0.46325
        0.49500         0.00000         0.00000        -0.55565
        0.52500         0.00000         0.00000        -0.65958
        0.55500         0.00000         0.00000        -0.77573
        0.58500         0.00000         0.00000        -0.90478
        0.61500         0.00000         0.00000        -1.04739
        0.64500         0.00000         0.00000        -1.20426
        0.67500         0.00000         0.00000        -1.37606
        0.70500         0.00000         0.00000        -1.56346
        0.73500         0.00000         0.00000        -1.76715
        0.76500         0.00000         0.00000        -1.98780
        0.79500         0.00000         0.00000        -2.22609
        0.82500         0.00000         0.00000        -2.48271
        0.85500         0.00000         0.00000        -2.75833
        0.88500         0.00000         0.00000        -3.05363
        0.91500         0.00000         0.00000        -3.36928
        0.94500         0.00000         0.00000        -3.70597
        0.97500         0.00000         0.00000        -4.06438
        1.00500         0.00000         0.00000        -4.44518
        1.03500         0.00010         0.00000        -4.84901
        1.06500         0.00086         0.00005        -5.27626
        1.09500         0.00557         0.00037        -5.72579
        1.12500         0.02317         0.00177        -6.19189
        1.15500         0.07367         0.00647        -6.65778
        1.18500         0.18978         0.01920        -7.08672
        1.21500         0.38778         0.04655        -7.42746
        1.24500         0.69096         0.09773        -7.60806
        1.27500         1.06759         0.18065        -7.56663
        1.30500         1.47543         0.30071        -7.26138
        1.33500         1.83071         0.45661        -6.70322
        1.36500         2.11096         0.64455        -5.92283
        1.39500         2.27085         0.85570        -4.99046
        1.42500         2.31091         1.07992        -3.98688
        1.45500         2.23535         1.30603        -3.00091
        1.48500         2.08901         1.52615        -2.09554
        1.51500         1.88111         1.73245        -1.33311
        1.54500         1.64564         1.92014        -0.75208
        1.57500         1.41977         2.08842        -0.35951
        1.60500         1.20874         2.23720        -0.15678
        1.63500         1.01552         2.36691        -0.14114
        1.66500         0.85293         2.47989        -0.29485
        1.69500         0.71460         2.57799        -0.60398
        1.72500         0.60511         2.66402        -1.04697
        1.75500         0.51910         2.74041        -1.60537
        1.78500         0.44539         2.80822        -2.27157
        1.81500         0.39143         2.86983        -3.02737
        1.84500         0.35087         2.92690        -3.86041
        1.87500         0.32289         2.98114        -4.75784
        1.90500         0.30657         3.03430        -5.70655
        1.93500         0.29725         3.08748        -6.69852
        1.96500         0.29865         3.14257        -7.71947
        1.99500         0.30926         3.20138        -8.75590
        2.02500         0.33059         3.26616        -9.79076
        2.05500         0.35786         3.33836       -10.81310
        2.08500         0.39602         3.42062       -11.80296
        2.11500         0.44330         3.51537       -12.74178
        2.14500         0.50088         3.62548       -13.60755
        2.17500         0.56725         3.75370       -14.37933
        2.20500         0.63889         3.90212       -15.04123
        2.23500         0.71664         4.07316       -15.57484
        2.26500         0.80316         4.27003       -15.95555
        2.29500         0.88663         4.49316       -16.18066
        2.32500         0.97367         4.74464       -16.23433
        2.35500         1.05272         5.02360       -16.12410
        2.38500         1.12689         5.32987       -15.85199
        2.41500         1.19534         5.66297       -15.42250
        2.44500         1.24741         6.01927       -14.86491
        2.47500         1.29619         6.39865       -14.18090
        2.50500         1.32528         6.79600       -13.41139
        2.53500         1.34196         7.20804       -12.58294
        2.56500         1.34695         7.63146       -11.72238
        2.59500         1.33911         8.06233       -10.86147
        2.62500         1.32054         8.49709       -10.02881
        2.65500         1.29471         8.93316        -9.24562
        2.68500         1.26401         9.36855        -8.52808
        2.71500         1.23078         9.80203        -7.88678
        2.74500         1.19221        10.23125        -7.34078
        2.77500         1.15669        10.65684        -6.88589
        2.80500         1.12259        11.07886        -6.52227
        2.83500         1.08855        11.49688        -6.25397
        2.86500         1.06363        11.91403        -6.05707
        2.89500         1.03694        12.32926        -5.94037
        2.92500         1.01514        12.74424        -5.89155
        2.95500         0.99654        13.16001        -5.90293
        2.98500         0.98532        13.57950        -5.95223
        3.01500         0.97285        14.00203        -6.04528
        3.04500         0.96383        14.42903        -6.17171
        3.07500         0.95755        14.86164        -6.32304
        3.10500         0.95202        15.30018        -6.49745
        3.13500         0.95097        15.74675        -6.67910
        3.16500         0.94963        16.20126        -6.86933
        3.19500         0.94952        16.66438        -7.06359
        3.22500         0.95176        17.13735        -7.25275
        3.25500         0.95195        17.61925        -7.44467
        3.28500         0.95673        18.11255        -7.62069
        3.31500         0.96548        18.61949        -7.76370
        3.34500         0.97177        19.13901        -7.88278
        3.37500         0.97700        19.67073        -7.98153
        3.40500         0.98839        20.21826        -8.03229
        3.43500         0.99661        20.78012        -8.04736
        3.46500         1.00827        21.35852        -8.00992
        3.49500         1.01843        21.95291        -7.92505
        3.52500         1.02874        22.56367        -7.79043
        3.55500         1.04007        23.19171        -7.59951
        3.58500         1.04911        23.83594        -7.36157
        3.61500         1.05811        24.49662        -7.07527
        3.64500         1.06551        25.17301        -6.74717
        3.67500         1.06978        25.86333        -6.39190
        3.70500         1.07168        26.56622        -6.02095
        3.73500         1.07204        27.28078        -5.64210
        3.76500         1.06904        28.00483        -5.27317
        3.79500         1.06618        28.73850        -4.91382
        3.82500         1.06076        29.48002        -4.57870
        3.85500         1.05292        30.22765        -4.28221
        3.88500         1.04332        30.98005        -4.03570
        3.91500         1.03358        31.73697        -3.84165
        3.94500         1.02232        32.49717        -3.71069
        3.97500         1.01440        33.26299        -3.62492
        4.00500         1.00355        34.03210        -3.60346
        4.03500         0.99404        34.80538        -3.64002
        4.06500         0.98404        35.58230        -3.73945
        4.09500         0.97810        36.36598        -3.87790
        4.12500         0.97118        37.15555        -4.06277
        4.15500         0.96671        37.95296        -4.27944
        4.18500         0.96145        38.75753        -4.53395
        4.21500         0.95860        39.57125        -4.81127
        4.24500         0.95748        40.39563        -5.10016
        4.27500         0.95662        41.23096        -5.39901
        4.30500         0.95695        42.07834        -5.69982
        4.33500         0.95794        42.93846        -5.99777
        4.36500         0.95884        43.81136        -6.29339
        4.39500         0.96183        44.69904        -6.57133
        4.42500         0.96446        45.60135        -6.83369
        4.45500         0.96696        46.51831        -7.08088
        4.48500         0.97215        47.45264        -7.29208
        4.51500         0.97505        48.40234        -7.48382
        4.54500         0.97930        49.36890        -7.64504
        4.57500         0.98352        50.35248        -7.77508
        4.60500         0.98901        51.35456        -7.86297
        4.63500         0.99216        52.37297        -7.92649
        4.66500         0.99605        53.40866        -7.95887
        4.69500         1.00011        54.46198        -7.95797
        4.72500         1.00315        55.53205        -7.93148
        4.75500         1.00586        56.61869        -7.88153
        4.78500         1.00824        57.72168        -7.81038
        4.81500         1.00936        58.83979        -7.72855
        4.84500         1.01267        59.97558        -7.61646
        4.87500         1.01260        61.12539        -7.50360
        4.90500         1.01370        62.29068        -7.37932
        4.93500         1.01283        63.46925        -7.26149
        4.96500         1.01238        64.66166        -7.14642
        4.99500         1.01301        65.86929        -7.02401
        5.02500         1.01041        67.08831        -6.92496
        5.05500         1.00873        68.31989        -6.84083
        5.08500         1.00823        69.56550        -6.76063
        5.11500         1.00484        70.82162        -6.71290
        5.14500         1.00232        72.08933        -6.68977
        5.17500         1.00171        73.37109        -6.67253
        5.20500         0.99870        74.66386        -6.68578
        5.23500         0.99680        75.96908        -6.71883
        5.26500         0.99455        77.28633        -6.77579
        5.29500         0.99493        78.61914        -6.82939
        5.32500         0.99179        79.96283        -6.91718
        5.35500         0.99033        81.31972        -7.02170
        5.38500         0.98963        82.69087        -7.13510
        5.41500         0.99024        84.07821        -7.24295
        5.44500         0.98972        85.48023        -7.35784
        5.47500         0.99020        86.89841        -7.46862
        5.50500         0.99041        88.33250        -7.57814
        5.53500         0.99058        89.78251        -7.68688
        5.56500         0.99129        91.24931        -7.78863
        5.59500         0.99204        92.73311        -7.88253
        5.62500         0.99393        94.23571        -7.95492
        5.65500         0.99366        95.75397        -8.03136
        5.68500         0.99543        97.29111        -8.08707
        5.71500         0.99806        98.84863        -8.11098
        5.74500         0.99797       100.42239        -8.13628
        5.77500         0.99908       102.01440        -8.14787
        5.80500         1.00081       103.62579        -8.13757
        5.83500         1.00238       105.25643        -8.10699
        5.86500         1.00168       106.90273        -8.08521
        5.89500         1.00346       108.56886        -8.03993
        5.92500         1.00526       110.25502        -7.97029
        5.95500         1.00569       111.95903        -7.89420
        5.98500         1.00565       113.68018        -7.81791
