# Distance | g(r) | Coordination Number | KB integral
        0.04500         0.00000         0.00000        -0.00090
        0.07500         0.00000         0.00000        -0.00305
        0.10500         0.00000         0.00000        -0.00724
        0.13500         0.00000         0.00000        -0.01414
        0.16500         0.00000         0.00000        -0.02443
        0.19500         0.00000         0.00000        -0.03879
        0.22500         0.00000         0.00000        -0.05791
        0.25500         0.00000         0.00000        -0.08245
        0.28500         0.00000         0.00000        -0.11310
        0.31500         0.00000         0.00000        -0.15053
        0.34500         0.00000         0.00000        -0.19543
        0.37500         0.00000         0.00000        -0.24847
        0.40500         0.00000         0.00000        -0.31034
        0.43500         0.00000         0.00000        -0.38170
        0.46500         0.00000         0.00000        -0.46325
        0.49500         0.00000         0.00000        -0.55565
        0.52500         0.00000         0.00000        -0.65958
        0.55500         0.00000         0.00000        -0.77573
        0.58500         0.00000         0.00000        -0.90478
        0.61500         0.00000         0.00000        -1.04739
        0.64500         0.00000         0.00000        -1.20426
        0.67500         0.00000         0.00000        -1.37606
        0.70500         0.00000         0.00000        -1.56346
        0.73500         0.00000         0.00000        -1.76715
        0.76500         0.00000         0.00000        -1.98780
        0.79500         0.00000         0.00000        -2.22609
        0.82500         0.00000         0.00000        -2.48271
        0.85500         0.00000         0.00000        -2.75833
        0.88500         0.00000         0.00000        -3.05363
        0.91500         0.00000         0.00000        -3.36928
        0.94500         0.00000         0.00000        -3.70597
        0.97500         0.00000         0.00000        -4.06438
        1.00500         0.00001         0.00000        -4.44517
        1.03500         0.00022         0.00001        -4.84896
        1.06500         0.00176         0.00010        -5.27582
        1.09500         0.00889         0.00056        -5.72386
        1.12500         0.03431         0.00245        -6.18464
        1.15500         0.10734         0.00867        -6.63360
        1.18500         0.26472         0.02482        -7.02286
        1.21500         0.53460         0.05910        -7.28188
        1.24500         0.91452         0.12069        -7.33183
        1.27500         1.37554         0.21784        -7.10167
        1.30500         1.84665         0.35447        -6.55808
        1.33500         2.26371         0.52975        -5.70898
        1.36500         2.53448         0.73491        -4.63108
        1.39500         2.64780         0.95877        -3.42216
        1.42500         2.62527         1.19037        -2.17792
        1.45500         2.49284         1.41965        -0.98644
        1.48500         2.25872         1.63604         0.06003
        1.51500         1.99539         1.83502         0.92135
        1.54500         1.71312         2.01267         1.56310
        1.57500         1.45198         2.16915         1.98579
        1.60500         1.21258         2.30486         2.19225
        1.63500         1.00505         2.42158         2.19733
        1.66500         0.83115         2.52168         2.02086
        1.69500         0.68933         2.60773         1.68436
        1.72500         0.57602         2.68219         1.20874
        1.75500         0.48785         2.74747         0.61404
        1.78500         0.41945         2.80553        -0.08331
        1.81500         0.37068         2.85858        -0.86488
        1.84500         0.33530         2.90817        -1.71790
        1.87500         0.31269         2.95593        -2.62885
        1.90500         0.29738         3.00281        -3.59013
        1.93500         0.29604         3.05097        -4.58381
        1.96500         0.30236         3.10169        -5.59936
        1.99500         0.31994         3.15701        -6.61975
        2.02500         0.34472         3.21842        -7.63276
        2.05500         0.37650         3.28750        -8.62542
        2.08500         0.41698         3.36625        -9.58092
        2.11500         0.46751         3.45710       -10.47890
        2.14500         0.52713         3.56247       -11.29912
        2.17500         0.59423         3.68459       -12.02279
        2.20500         0.66700         3.82548       -12.63317
        2.23500         0.74711         3.98761       -13.10940
        2.26500         0.82631         4.17178       -13.44533
        2.29500         0.91164         4.38038       -13.62078
        2.32500         0.99261         4.61349       -13.63585
        2.35500         1.07007         4.87131       -13.48934
        2.38500         1.14295         5.15376       -13.18280
        2.41500         1.20218         5.45836       -12.73826
        2.44500         1.25159         5.78341       -12.17127
        2.47500         1.28784         6.12613       -11.50656
        2.50500         1.30878         6.48292       -10.77608
        2.53500         1.32120         6.85177        -9.99792
        2.56500         1.31741         7.22832        -9.21063
        2.59500         1.30339         7.60963        -8.44043
        2.62500         1.27739         7.99202        -7.71985
        2.65500         1.24584         8.37355        -7.06654
        2.68500         1.20751         8.75173        -6.50257
        2.71500         1.16758         9.12563        -6.03689
        2.74500         1.12542         9.49404        -5.68063
        2.77500         1.08597         9.85734        -5.43104
        2.80500         1.04728        10.21532        -5.29080
        2.83500         1.01508        10.56975        -5.24510
        2.86500         0.98821        10.92214        -5.28159
        2.89500         0.96110        11.27208        -5.40450
        2.92500         0.94179        11.62214        -5.59226
        2.95500         0.92589        11.97337        -5.83623
        2.98500         0.91611        12.32799        -6.11803
        3.01500         0.90450        12.68519        -6.44529
        3.04500         0.90155        13.04835        -6.78943
        3.07500         0.89795        13.41721        -7.15322
        3.10500         0.89766        13.79319        -7.52519
        3.13500         0.90160        14.17815        -7.88978
        3.16500         0.90513        14.57205        -8.24805
        3.19500         0.90890        14.97513        -8.59862
        3.22500         0.91793        15.38989        -8.92041
        3.25500         0.92422        15.81529        -9.22309
        3.28500         0.93373        16.25304        -9.49268
        3.31500         0.94415        16.70378        -9.72407
        3.34500         0.95679        17.16888        -9.90632
        3.37500         0.96892        17.64835       -10.03979
        3.40500         0.98279        18.14337       -10.11499
        3.43500         0.99728        18.65458       -10.12707
        3.46500         1.01027        19.18152       -10.08061
        3.49500         1.02358        19.72471        -9.97200
        3.52500         1.03777        20.28491        -9.79509
        3.55500         1.04995        20.86137        -9.55712
        3.58500         1.06304        21.45492        -9.25168
        3.61500         1.07273        22.06394        -8.89336
        3.64500         1.07891        22.68668        -8.49812
        3.67500         1.08396        23.32268        -8.07064
        3.70500         1.08594        23.97028        -7.62589
        3.73500         1.08930        24.63045        -7.15625
        3.76500         1.08300        25.29738        -6.71270
        3.79500         1.07812        25.97194        -6.28857
        3.82500         1.07357        26.65430        -5.88278
        3.85500         1.06403        27.34126        -5.52408
        3.88500         1.05358        28.03209        -5.21923
        3.91500         1.04303        28.72661        -4.97062
        3.94500         1.03105        29.42372        -4.78843
        3.97500         1.02050        30.12422        -4.66634
        4.00500         1.01141        30.82901        -4.59737
        4.03500         1.00135        31.53728        -4.58911
        4.06500         0.99420        32.25098        -4.62527
        4.09500         0.98569        32.96906        -4.71573
        4.12500         0.98018        33.69363        -4.84288
        4.15500         0.97607        34.42570        -4.99860
        4.18500         0.97262        35.16574        -5.17940
        4.21500         0.97003        35.91444        -5.38011
        4.24500         0.96933        36.67328        -5.58847
        4.27500         0.97028        37.44365        -5.79323
        4.30500         0.97200        38.22625        -5.98884
        4.33500         0.97051        39.01857        -6.19780
        4.36500         0.97455        39.82524        -6.38061
        4.39500         0.97589        40.64416        -6.55619
        4.42500         0.97950        41.47737        -6.70754
        4.45500         0.98305        42.32498        -6.83438
        4.48500         0.98730        43.18776        -6.93070
        4.51500         0.99048        44.06494        -7.00387
        4.54500         0.99305        44.95611        -7.05800
        4.57500         0.99721        45.86288        -7.08001
        4.60500         1.00310        46.78700        -7.05523
        4.63500         1.00433        47.72435        -7.02014
        4.66500         1.00877        48.67807        -6.94820
        4.69500         1.01160        49.64680        -6.85182
        4.72500         1.01407        50.63035        -6.73343
        4.75500         1.01537        51.62771        -6.60238
        4.78500         1.01806        52.64036        -6.44652
        4.81500         1.01810        53.66579        -6.28835
        4.84500         1.01928        54.70525        -6.11771
        4.87500         1.01782        55.75611        -5.95805
        4.90500         1.01917        56.82136        -5.78414
        4.93500         1.01671        57.89708        -5.63071
        4.96500         1.01536        58.98447        -5.48793
        4.99500         1.01362        60.08314        -5.35985
        5.02500         1.01086        61.19203        -5.25647
        5.05500         1.00939        62.31257        -5.16598
        5.08500         1.00494        63.44145        -5.11787
        5.11500         1.00302        64.58151        -5.08806
        5.14500         1.00088        65.73251        -5.07929
        5.17500         0.99834        66.89403        -5.09601
        5.20500         0.99537        68.06555        -5.14335
        5.23500         0.99336        69.24822        -5.21199
        5.26500         0.99070        70.44128        -5.30917
        5.29500         0.98910        71.64602        -5.42443
        5.32500         0.98824        72.86341        -5.55014
        5.35500         0.98567        74.09134        -5.70504
        5.38500         0.98677        75.33446        -5.84968
        5.41500         0.98568        76.59007        -6.00801
        5.44500         0.98550        77.85941        -6.17009
        5.47500         0.98546        79.14272        -6.33442
        5.50500         0.98752        80.44284        -6.47704
        5.53500         0.98775        81.75748        -6.61854
        5.56500         0.98914        83.08827        -6.74538
        5.59500         0.98964        84.43414        -6.86765
        5.62500         0.99182        85.79747        -6.96525
        5.65500         0.99181        87.17537        -7.06402
        5.68500         0.99392        88.57090        -7.13808
        5.71500         0.99487        89.98254        -7.20120
        5.74500         0.99705        91.41217        -7.23788
        5.77500         0.99883        92.85934        -7.25258
        5.80500         1.00027        94.32369        -7.24917
        5.83500         1.00084        95.80407        -7.23837
        5.86500         1.00178        97.30111        -7.21523
        5.89500         1.00253        98.81465        -7.18204
        5.92500         1.00343       100.34499        -7.13659
        5.95500         1.00413       101.89196        -7.08132
        5.98500         1.00383       103.45408        -7.02955
