# Distance | g(r) | Coordination Number | KB integral
        0.04500         0.00000         0.00000        -0.00090
        0.07500         0.00000         0.00000        -0.00305
        0.10500         0.00000         0.00000        -0.00724
        0.13500         0.00000         0.00000        -0.01414
        0.16500         0.00000         0.00000        -0.02443
        0.19500         0.00000         0.00000        -0.03879
        0.22500         0.00000         0.00000        -0.05791
        0.25500         0.00000         0.00000        -0.08245
        0.28500         0.00000         0.00000        -0.11310
        0.31500         0.00000         0.00000        -0.15053
        0.34500         0.00000         0.00000        -0.19543
        0.37500         0.00000         0.00000        -0.24847
        0.40500         0.00000         0.00000        -0.31034
        0.43500         0.00000         0.00000        -0.38170
        0.46500         0.00000         0.00000        -0.46325
        0.49500         0.00000         0.00000        -0.55565
        0.52500         0.00000         0.00000        -0.65958
        0.55500         0.00000         0.00000        -0.77573
        0.58500         0.00000         0.00000        -0.90478
        0.61500         0.00000         0.00000        -1.04739
        0.64500         0.00000         0.00000        -1.20426
        0.67500         0.00000         0.00000        -1.37606
        0.70500         0.00000         0.00000        -1.56346
        0.73500         0.00000         0.00000        -1.76715
        0.76500         0.00000         0.00000        -1.98780
        0.79500         0.00000         0.00000        -2.22609
        0.82500         0.00000         0.00000        -2.48271
        0.85500         0.00000         0.00000        -2.75833
        0.88500         0.00000         0.00000        -3.05363
        0.91500         0.00000         0.00000        -3.36928
        0.94500         0.00000         0.00000        -3.70597
        0.97500         0.00000         0.00000        -4.06438
        1.00500         0.00000         0.00000        -4.44518
        1.03500         0.00007         0.00000        -4.84902
        1.06500         0.00061         0.00004        -5.27638
        1.09500         0.00282         0.00023        -5.72716
        1.12500         0.01489         0.00125        -6.19721
        1.15500         0.05073         0.00494        -6.67464
        1.18500         0.13760         0.01547        -7.13121
        1.21500         0.30846         0.04028        -7.51609
        1.24500         0.58341         0.08956        -7.75953
        1.27500         0.93806         0.17266        -7.79749
        1.30500         1.34383         0.29737        -7.57674
        1.33500         1.72757         0.46515        -7.08787
        1.36500         2.04086         0.67236        -6.35672
        1.39500         2.23159         0.90901        -5.45315
        1.42500         2.27873         1.16115        -4.47421
        1.45500         2.22156         1.41744        -3.49925
        1.48500         2.06327         1.66537        -2.61527
        1.51500         1.85516         1.89740        -1.87529
        1.54500         1.63090         2.10954        -1.30754
        1.57500         1.38717         2.29705        -0.94546
        1.60500         1.17079         2.46139        -0.77960
        1.63500         0.97807         2.60387        -0.80170
        1.66500         0.80686         2.72575        -1.00356
        1.69500         0.67260         2.83105        -1.35817
        1.72500         0.56521         2.92270        -1.84592
        1.75500         0.48153         3.00352        -2.44796
        1.78500         0.41187         3.07503        -3.15443
        1.81500         0.36659         3.14083        -3.94108
        1.84500         0.33517         3.20300        -4.79426
        1.87500         0.30953         3.26230        -5.70940
        1.90500         0.30622         3.32286        -6.65859
        1.93500         0.30669         3.38543        -7.63724
        1.96500         0.31726         3.45218        -8.63108
        1.99500         0.33787         3.52546        -9.62459
        2.02500         0.37010         3.60816       -10.59837
        2.05500         0.41031         3.70258       -11.53721
        2.08500         0.46131         3.81185       -12.42006
        2.11500         0.51940         3.93846       -13.23055
        2.14500         0.59164         4.08679       -13.93888
        2.17500         0.67131         4.25984       -14.52507
        2.20500         0.75935         4.46102       -14.96618
        2.23500         0.84556         4.69117       -15.25702
        2.26500         0.93341         4.95211       -15.38582
        2.29500         1.02417         5.24605       -15.33783
        2.32500         1.11087         5.57327       -15.11190
        2.35500         1.18802         5.93230       -14.71877
        2.38500         1.26041         6.32297       -14.16034
        2.41500         1.31514         6.74092       -13.46744
        2.44500         1.35813         7.18333       -12.66032
        2.47500         1.38710         7.64634       -11.76637
        2.50500         1.40062         8.12525       -10.81865
        2.53500         1.40030         8.61560        -9.84886
        2.56500         1.38913         9.11361        -8.88367
        2.59500         1.36794         9.61556        -7.94960
        2.62500         1.34261        10.11968        -7.05960
        2.65500         1.30278        10.62009        -6.25497
        2.68500         1.26294        11.11622        -5.54033
        2.71500         1.22303        11.60747        -4.92054
        2.74500         1.17814        12.09120        -4.41450
        2.77500         1.13914        12.56920        -4.01057
        2.80500         1.10592        13.04334        -3.69640
        2.83500         1.07142        13.51258        -3.48000
        2.86500         1.04177        13.97853        -3.35076
        2.89500         1.01755        14.44323        -3.29530
        2.92500         0.99509        14.90715        -3.31112
        2.95500         0.97347        15.37034        -3.39845
        2.98500         0.96225        15.83754        -3.52525
        3.01500         0.95012        16.30816        -3.69620
        3.04500         0.94208        16.78413        -3.89867
        3.07500         0.93400        17.26537        -4.13396
        3.10500         0.92953        17.75369        -4.39010
        3.13500         0.92602        18.24962        -4.66422
        3.16500         0.92703        18.75563        -4.93978
        3.19500         0.92765        19.27163        -5.21819
        3.22500         0.93069        19.79909        -5.48994
        3.25500         0.93429        20.33848        -5.75242
        3.28500         0.94035        20.89143        -5.99509
        3.31500         0.94677        21.45836        -6.21563
        3.34500         0.95458        22.04037        -6.40722
        3.37500         0.96511        22.63939        -6.55705
        3.40500         0.97510        23.25543        -6.66588
        3.43500         0.98806        23.89070        -6.71899
        3.46500         1.00069        24.54538        -6.71586
        3.49500         1.00965        25.21740        -6.67141
        3.52500         1.02309        25.91012        -6.56324
        3.55500         1.03473        26.62269        -6.39776
        3.58500         1.04355        27.35352        -6.18674
        3.61500         1.04908        28.10056        -5.94494
        3.64500         1.05665        28.86554        -5.66120
        3.67500         1.06178        29.64693        -5.34662
        3.70500         1.06178        30.44114        -5.02689
        3.73500         1.06010        31.24698        -4.71083
        3.76500         1.05497        32.06186        -4.41707
        3.79500         1.04659        32.88319        -4.16410
        3.82500         1.04047        33.71269        -3.94089
        3.85500         1.03035        34.54705        -3.77088
        3.88500         1.02001        35.38594        -3.65700
        3.91500         1.00980        36.22932        -3.60036
        3.94500         0.99950        37.07694        -3.60327
        3.97500         0.98940        37.92879        -3.66642
        4.00500         0.97735        38.78302        -3.80340
        4.03500         0.97126        39.64469        -3.97982
        4.06500         0.96283        40.51164        -4.21139
        4.09500         0.95719        41.38627        -4.48205
        4.12500         0.95320        42.27007        -4.78226
        4.15500         0.94944        43.16323        -5.11132
        4.18500         0.94724        44.06724        -5.45966
        4.21500         0.94868        44.98564        -5.80341
        4.24500         0.94938        45.91786        -6.14727
        4.27500         0.95391        46.86781        -6.46482
        4.30500         0.95484        47.83207        -6.78036
        4.33500         0.95729        48.81234        -7.08293
        4.36500         0.96224        49.81135        -7.35416
        4.39500         0.96602        50.82812        -7.60163
        4.42500         0.97016        51.86324        -7.82191
        4.45500         0.97617        52.91894        -8.00024
        4.48500         0.98107        53.99428        -8.14377
        4.51500         0.98651        55.09010        -8.24743
        4.54500         0.99044        56.20495        -8.32186
        4.57500         0.99792        57.34310        -8.33825
        4.60500         1.00185        58.50076        -8.32349
        4.63500         1.00637        59.67885        -8.27191
        4.66500         1.01089        60.87759        -8.18258
        4.69500         1.01257        62.09382        -8.07814
        4.72500         1.01457        63.32808        -7.95552
        4.75500         1.01948        64.58411        -7.78948
        4.78500         1.01933        65.85586        -7.62258
        4.81500         1.02166        67.14653        -7.43331
        4.84500         1.02117        68.45272        -7.24593
        4.87500         1.02255        69.77692        -7.04392
        4.90500         1.01996        71.11408        -6.86285
        4.93500         1.01903        72.46640        -6.68814
        4.96500         1.01788        73.83368        -6.52198
        4.99500         1.01774        75.21734        -6.35510
        5.02500         1.01371        76.61211        -6.22463
        5.05500         1.00943        78.01764        -6.13376
        5.08500         1.01017        79.44094        -6.03460
        5.11500         1.00741        80.87716        -5.96147
        5.14500         1.00437        82.32588        -5.91784
        5.17500         1.00145        83.78728        -5.90322
        5.20500         0.99959        85.26293        -5.90743
        5.23500         0.99844        86.75392        -5.92358
        5.26500         0.99559        88.25774        -5.96969
        5.29500         0.99394        89.77623        -6.03371
        5.32500         0.99343        91.31119        -6.10393
        5.35500         0.99343        92.86350        -6.17492
        5.38500         0.99160        94.43034        -6.26680
        5.41500         0.99134        96.01429        -6.36251
        5.44500         0.99180        97.61658        -6.45411
        5.47500         0.99220        99.23723        -6.54223
        5.50500         0.99313       100.87722        -6.62068
        5.53500         0.99449       102.53740        -6.68432
        5.56500         0.99600       104.21818        -6.73098
        5.59500         0.99689       105.91865        -6.76763
        5.62500         0.99677       107.63720        -6.80614
        5.65500         1.00023       109.38014        -6.80341
        5.68500         1.00030       111.14176        -6.79976
        5.71500         1.00231       112.92559        -6.77134
        5.74500         1.00265       114.72881        -6.73836
        5.77500         1.00310       116.55174        -6.69936
        5.80500         1.00326       118.39394        -6.65794
        5.83500         1.00539       120.25918        -6.58881
        5.86500         1.00605       122.14490        -6.51029
        5.89500         1.00626       124.05034        -6.42832
        5.92500         1.00362       125.97019        -6.38041
        5.95500         1.00717       127.91639        -6.28450
        5.98500         1.00697       129.88185        -6.19038
